ARM GAS  C:\Users\PETERG~1\AppData\Local\Temp\ccBs4PKH.s 			page 1


   1              		.cpu cortex-m0
   2              		.fpu softvfp
   3              		.eabi_attribute 20, 1
   4              		.eabi_attribute 21, 1
   5              		.eabi_attribute 23, 3
   6              		.eabi_attribute 24, 1
   7              		.eabi_attribute 25, 1
   8              		.eabi_attribute 26, 1
   9              		.eabi_attribute 30, 4
  10              		.eabi_attribute 34, 0
  11              		.eabi_attribute 18, 4
  12              		.code	16
  13              		.file	"Cm0Start.c"
  14              		.text
  15              	.Ltext0:
  16              		.cfi_sections	.debug_frame
  17              		.section	.text.IntDefaultHandler,"ax",%progbits
  18              		.align	1
  19              		.global	IntDefaultHandler
  20              		.code	16
  21              		.thumb_func
  22              		.type	IntDefaultHandler, %function
  23              	IntDefaultHandler:
  24              	.LFB0:
  25              		.file 1 ".\\Generated_Source\\PSoC4\\Cm0Start.c"
   1:.\Generated_Source\PSoC4/Cm0Start.c **** /*******************************************************************************
   2:.\Generated_Source\PSoC4/Cm0Start.c **** * File Name: Cm0Start.c
   3:.\Generated_Source\PSoC4/Cm0Start.c **** * Version 4.11
   4:.\Generated_Source\PSoC4/Cm0Start.c **** *
   5:.\Generated_Source\PSoC4/Cm0Start.c **** *  Description:
   6:.\Generated_Source\PSoC4/Cm0Start.c **** *  Startup code for the ARM CM0.
   7:.\Generated_Source\PSoC4/Cm0Start.c **** *
   8:.\Generated_Source\PSoC4/Cm0Start.c **** ********************************************************************************
   9:.\Generated_Source\PSoC4/Cm0Start.c **** * Copyright 2010-2014, Cypress Semiconductor Corporation.  All rights reserved.
  10:.\Generated_Source\PSoC4/Cm0Start.c **** * You may use this file only in accordance with the license, terms, conditions,
  11:.\Generated_Source\PSoC4/Cm0Start.c **** * disclaimers, and limitations in the end user license agreement accompanying
  12:.\Generated_Source\PSoC4/Cm0Start.c **** * the software package with which this file was provided.
  13:.\Generated_Source\PSoC4/Cm0Start.c **** *******************************************************************************/
  14:.\Generated_Source\PSoC4/Cm0Start.c **** 
  15:.\Generated_Source\PSoC4/Cm0Start.c **** #include <limits.h>
  16:.\Generated_Source\PSoC4/Cm0Start.c **** #include "cydevice_trm.h"
  17:.\Generated_Source\PSoC4/Cm0Start.c **** #include "cytypes.h"
  18:.\Generated_Source\PSoC4/Cm0Start.c **** #include "cyfitter_cfg.h"
  19:.\Generated_Source\PSoC4/Cm0Start.c **** #include "CyLib.h"
  20:.\Generated_Source\PSoC4/Cm0Start.c **** #include "cyfitter.h"
  21:.\Generated_Source\PSoC4/Cm0Start.c **** 
  22:.\Generated_Source\PSoC4/Cm0Start.c **** #define CY_NUM_VECTORS              (CY_INT_IRQ_BASE + CY_NUM_INTERRUPTS)
  23:.\Generated_Source\PSoC4/Cm0Start.c **** #define CY_CPUSS_CONFIG_VECT_IN_RAM (( uint32 ) 0x01)
  24:.\Generated_Source\PSoC4/Cm0Start.c **** 
  25:.\Generated_Source\PSoC4/Cm0Start.c **** /* CPUSS Configuration register */
  26:.\Generated_Source\PSoC4/Cm0Start.c **** #define CY_CPUSS_CONFIG_REG         (*(reg32 *) CYREG_CPUSS_CONFIG)
  27:.\Generated_Source\PSoC4/Cm0Start.c **** #define CY_CPUSS_CONFIG_PTR         ( (reg32 *) CYREG_CPUSS_CONFIG)
  28:.\Generated_Source\PSoC4/Cm0Start.c **** 
  29:.\Generated_Source\PSoC4/Cm0Start.c **** 
  30:.\Generated_Source\PSoC4/Cm0Start.c **** #if defined (__ICCARM__)
  31:.\Generated_Source\PSoC4/Cm0Start.c ****     #define CY_NUM_ROM_VECTORS      (CY_NUM_VECTORS)
  32:.\Generated_Source\PSoC4/Cm0Start.c **** #else
ARM GAS  C:\Users\PETERG~1\AppData\Local\Temp\ccBs4PKH.s 			page 2


  33:.\Generated_Source\PSoC4/Cm0Start.c ****     #define CY_NUM_ROM_VECTORS      (4u)
  34:.\Generated_Source\PSoC4/Cm0Start.c **** #endif  /* defined (__ICCARM__) */
  35:.\Generated_Source\PSoC4/Cm0Start.c **** 
  36:.\Generated_Source\PSoC4/Cm0Start.c **** #if defined(__ARMCC_VERSION)
  37:.\Generated_Source\PSoC4/Cm0Start.c ****     #define INITIAL_STACK_POINTER ((cyisraddress)(uint32)&Image$$ARM_LIB_STACK$$ZI$$Limit)
  38:.\Generated_Source\PSoC4/Cm0Start.c **** #elif defined (__GNUC__)
  39:.\Generated_Source\PSoC4/Cm0Start.c ****     #define INITIAL_STACK_POINTER (&__cy_stack)
  40:.\Generated_Source\PSoC4/Cm0Start.c **** #elif defined (__ICCARM__)
  41:.\Generated_Source\PSoC4/Cm0Start.c ****     #pragma language=extended
  42:.\Generated_Source\PSoC4/Cm0Start.c ****     #pragma segment="CSTACK"
  43:.\Generated_Source\PSoC4/Cm0Start.c ****     #define INITIAL_STACK_POINTER  { .__ptr = __sfe( "CSTACK" ) }
  44:.\Generated_Source\PSoC4/Cm0Start.c **** 
  45:.\Generated_Source\PSoC4/Cm0Start.c ****     extern void __iar_program_start( void );
  46:.\Generated_Source\PSoC4/Cm0Start.c ****     extern void __iar_data_init3 (void);
  47:.\Generated_Source\PSoC4/Cm0Start.c **** #endif  /* (__ARMCC_VERSION) */
  48:.\Generated_Source\PSoC4/Cm0Start.c **** 
  49:.\Generated_Source\PSoC4/Cm0Start.c **** /* Extern functions */
  50:.\Generated_Source\PSoC4/Cm0Start.c **** extern void CyBtldr_CheckLaunch(void);
  51:.\Generated_Source\PSoC4/Cm0Start.c **** 
  52:.\Generated_Source\PSoC4/Cm0Start.c **** /* Function prototypes */
  53:.\Generated_Source\PSoC4/Cm0Start.c **** void initialize_psoc(void);
  54:.\Generated_Source\PSoC4/Cm0Start.c **** 
  55:.\Generated_Source\PSoC4/Cm0Start.c **** /* Global variables */
  56:.\Generated_Source\PSoC4/Cm0Start.c **** #if !defined (__ICCARM__)
  57:.\Generated_Source\PSoC4/Cm0Start.c ****     CY_NOINIT static uint32 cySysNoInitDataValid;
  58:.\Generated_Source\PSoC4/Cm0Start.c **** #endif  /* !defined (__ICCARM__) */
  59:.\Generated_Source\PSoC4/Cm0Start.c **** 
  60:.\Generated_Source\PSoC4/Cm0Start.c **** 
  61:.\Generated_Source\PSoC4/Cm0Start.c **** #if (CYDEV_PROJ_TYPE != CYDEV_PROJ_TYPE_STANDARD)
  62:.\Generated_Source\PSoC4/Cm0Start.c **** 
  63:.\Generated_Source\PSoC4/Cm0Start.c ****     /*******************************************************************************
  64:.\Generated_Source\PSoC4/Cm0Start.c ****     This variable is used by the Bootloader/Bootloadable components to schedule
  65:.\Generated_Source\PSoC4/Cm0Start.c ****     what application will be started after a software reset.
  66:.\Generated_Source\PSoC4/Cm0Start.c ****     *******************************************************************************/
  67:.\Generated_Source\PSoC4/Cm0Start.c ****     #if (__ARMCC_VERSION)
  68:.\Generated_Source\PSoC4/Cm0Start.c ****         __attribute__ ((section(".bootloaderruntype"), zero_init))
  69:.\Generated_Source\PSoC4/Cm0Start.c ****     #elif defined (__GNUC__)
  70:.\Generated_Source\PSoC4/Cm0Start.c ****         __attribute__ ((section(".bootloaderruntype")))
  71:.\Generated_Source\PSoC4/Cm0Start.c ****     #elif defined (__ICCARM__)
  72:.\Generated_Source\PSoC4/Cm0Start.c ****         #pragma location=".bootloaderruntype"
  73:.\Generated_Source\PSoC4/Cm0Start.c ****     #endif /* (__ARMCC_VERSION) */
  74:.\Generated_Source\PSoC4/Cm0Start.c ****     volatile uint32 cyBtldrRunType;
  75:.\Generated_Source\PSoC4/Cm0Start.c **** 
  76:.\Generated_Source\PSoC4/Cm0Start.c **** #endif  /* (CYDEV_PROJ_TYPE != CYDEV_PROJ_TYPE_STANDARD) */
  77:.\Generated_Source\PSoC4/Cm0Start.c **** 
  78:.\Generated_Source\PSoC4/Cm0Start.c **** 
  79:.\Generated_Source\PSoC4/Cm0Start.c **** /*******************************************************************************
  80:.\Generated_Source\PSoC4/Cm0Start.c **** * Function Name: IntDefaultHandler
  81:.\Generated_Source\PSoC4/Cm0Start.c **** ********************************************************************************
  82:.\Generated_Source\PSoC4/Cm0Start.c **** *
  83:.\Generated_Source\PSoC4/Cm0Start.c **** * Summary:
  84:.\Generated_Source\PSoC4/Cm0Start.c **** *  This function is called for all interrupts, other than a reset that is called
  85:.\Generated_Source\PSoC4/Cm0Start.c **** *  before the system is setup.
  86:.\Generated_Source\PSoC4/Cm0Start.c **** *
  87:.\Generated_Source\PSoC4/Cm0Start.c **** * Parameters:
  88:.\Generated_Source\PSoC4/Cm0Start.c **** *  None
  89:.\Generated_Source\PSoC4/Cm0Start.c **** *
ARM GAS  C:\Users\PETERG~1\AppData\Local\Temp\ccBs4PKH.s 			page 3


  90:.\Generated_Source\PSoC4/Cm0Start.c **** * Return:
  91:.\Generated_Source\PSoC4/Cm0Start.c **** *  None
  92:.\Generated_Source\PSoC4/Cm0Start.c **** *
  93:.\Generated_Source\PSoC4/Cm0Start.c **** * Theory:
  94:.\Generated_Source\PSoC4/Cm0Start.c **** *   Any value other than zero is acceptable.
  95:.\Generated_Source\PSoC4/Cm0Start.c **** *
  96:.\Generated_Source\PSoC4/Cm0Start.c **** *******************************************************************************/
  97:.\Generated_Source\PSoC4/Cm0Start.c **** CY_NORETURN
  98:.\Generated_Source\PSoC4/Cm0Start.c **** CY_ISR(IntDefaultHandler)
  99:.\Generated_Source\PSoC4/Cm0Start.c **** {
  26              		.loc 1 99 0
  27              		.cfi_startproc
  28 0000 00B5     		push	{lr}
  29              	.LCFI0:
  30              		.cfi_def_cfa_offset 4
  31              		.cfi_offset 14, -4
  32              	.L2:
  33 0002 FEE7     		b	.L2
  34              		.cfi_endproc
  35              	.LFE0:
  36              		.size	IntDefaultHandler, .-IntDefaultHandler
  37              		.section	.text._exit,"ax",%progbits
  38              		.align	1
  39              		.weak	_exit
  40              		.code	16
  41              		.thumb_func
  42              		.type	_exit, %function
  43              	_exit:
  44              	.LFB1:
 100:.\Generated_Source\PSoC4/Cm0Start.c ****     /***************************************************************************
 101:.\Generated_Source\PSoC4/Cm0Start.c ****     * We must not get here. If we do, a serious problem occurs, so go into
 102:.\Generated_Source\PSoC4/Cm0Start.c ****     * an infinite loop.
 103:.\Generated_Source\PSoC4/Cm0Start.c ****     ***************************************************************************/
 104:.\Generated_Source\PSoC4/Cm0Start.c ****     while(1)
 105:.\Generated_Source\PSoC4/Cm0Start.c ****     {
 106:.\Generated_Source\PSoC4/Cm0Start.c **** 
 107:.\Generated_Source\PSoC4/Cm0Start.c ****     }
 108:.\Generated_Source\PSoC4/Cm0Start.c **** }
 109:.\Generated_Source\PSoC4/Cm0Start.c **** 
 110:.\Generated_Source\PSoC4/Cm0Start.c **** #if defined(__ARMCC_VERSION)
 111:.\Generated_Source\PSoC4/Cm0Start.c **** 
 112:.\Generated_Source\PSoC4/Cm0Start.c **** /* Local function for device reset. */
 113:.\Generated_Source\PSoC4/Cm0Start.c **** extern void Reset(void);
 114:.\Generated_Source\PSoC4/Cm0Start.c **** 
 115:.\Generated_Source\PSoC4/Cm0Start.c **** /* Application entry point. */
 116:.\Generated_Source\PSoC4/Cm0Start.c **** extern void $Super$$main(void);
 117:.\Generated_Source\PSoC4/Cm0Start.c **** 
 118:.\Generated_Source\PSoC4/Cm0Start.c **** /* Linker-generated Stack Base addresses, Two Region and One Region */
 119:.\Generated_Source\PSoC4/Cm0Start.c **** extern unsigned long Image$$ARM_LIB_STACK$$ZI$$Limit;
 120:.\Generated_Source\PSoC4/Cm0Start.c **** 
 121:.\Generated_Source\PSoC4/Cm0Start.c **** /* RealView C Library initialization. */
 122:.\Generated_Source\PSoC4/Cm0Start.c **** extern int __main(void);
 123:.\Generated_Source\PSoC4/Cm0Start.c **** 
 124:.\Generated_Source\PSoC4/Cm0Start.c **** 
 125:.\Generated_Source\PSoC4/Cm0Start.c **** /*******************************************************************************
 126:.\Generated_Source\PSoC4/Cm0Start.c **** * Function Name: Reset
 127:.\Generated_Source\PSoC4/Cm0Start.c **** ********************************************************************************
ARM GAS  C:\Users\PETERG~1\AppData\Local\Temp\ccBs4PKH.s 			page 4


 128:.\Generated_Source\PSoC4/Cm0Start.c **** *
 129:.\Generated_Source\PSoC4/Cm0Start.c **** * Summary:
 130:.\Generated_Source\PSoC4/Cm0Start.c **** *  This function handles the reset interrupt for the RVDS/MDK toolchains.
 131:.\Generated_Source\PSoC4/Cm0Start.c **** *  This is the first bit of code that is executed at startup.
 132:.\Generated_Source\PSoC4/Cm0Start.c **** *
 133:.\Generated_Source\PSoC4/Cm0Start.c **** * Parameters:
 134:.\Generated_Source\PSoC4/Cm0Start.c **** *  None
 135:.\Generated_Source\PSoC4/Cm0Start.c **** *
 136:.\Generated_Source\PSoC4/Cm0Start.c **** * Return:
 137:.\Generated_Source\PSoC4/Cm0Start.c **** *  None
 138:.\Generated_Source\PSoC4/Cm0Start.c **** *
 139:.\Generated_Source\PSoC4/Cm0Start.c **** *******************************************************************************/
 140:.\Generated_Source\PSoC4/Cm0Start.c **** void Reset(void)
 141:.\Generated_Source\PSoC4/Cm0Start.c **** {
 142:.\Generated_Source\PSoC4/Cm0Start.c ****     #if (CYDEV_PROJ_TYPE == CYDEV_PROJ_TYPE_LOADABLE)
 143:.\Generated_Source\PSoC4/Cm0Start.c ****         /* The bootloadable application image is started at Reset() handler
 144:.\Generated_Source\PSoC4/Cm0Start.c ****         * as a result of a branch instruction execution from the bootloader.
 145:.\Generated_Source\PSoC4/Cm0Start.c ****         * So, the stack pointer needs to be reset to be sure that
 146:.\Generated_Source\PSoC4/Cm0Start.c ****         * there is no garbage in the stack.
 147:.\Generated_Source\PSoC4/Cm0Start.c ****         */
 148:.\Generated_Source\PSoC4/Cm0Start.c ****         register uint32_t msp __asm("msp");
 149:.\Generated_Source\PSoC4/Cm0Start.c ****         msp = (uint32_t)&Image$$ARM_LIB_STACK$$ZI$$Limit;
 150:.\Generated_Source\PSoC4/Cm0Start.c ****     #endif /* CYDEV_PROJ_TYPE_LOADABLE */
 151:.\Generated_Source\PSoC4/Cm0Start.c **** 
 152:.\Generated_Source\PSoC4/Cm0Start.c ****     #if(!CY_PSOC4A)
 153:.\Generated_Source\PSoC4/Cm0Start.c ****         CySysWdtDisable();
 154:.\Generated_Source\PSoC4/Cm0Start.c ****     #endif  /* (!CY_PSOC4A) */
 155:.\Generated_Source\PSoC4/Cm0Start.c **** 
 156:.\Generated_Source\PSoC4/Cm0Start.c ****     #if (CYDEV_BOOTLOADER_ENABLE)
 157:.\Generated_Source\PSoC4/Cm0Start.c ****         CyBtldr_CheckLaunch();
 158:.\Generated_Source\PSoC4/Cm0Start.c ****     #endif /* CYDEV_BOOTLOADER_ENABLE */
 159:.\Generated_Source\PSoC4/Cm0Start.c **** 
 160:.\Generated_Source\PSoC4/Cm0Start.c ****     __main();
 161:.\Generated_Source\PSoC4/Cm0Start.c **** }
 162:.\Generated_Source\PSoC4/Cm0Start.c **** 
 163:.\Generated_Source\PSoC4/Cm0Start.c **** /*******************************************************************************
 164:.\Generated_Source\PSoC4/Cm0Start.c **** * Function Name: $Sub$$main
 165:.\Generated_Source\PSoC4/Cm0Start.c **** ********************************************************************************
 166:.\Generated_Source\PSoC4/Cm0Start.c **** *
 167:.\Generated_Source\PSoC4/Cm0Start.c **** * Summary:
 168:.\Generated_Source\PSoC4/Cm0Start.c **** *  This function is called immediately before the users main
 169:.\Generated_Source\PSoC4/Cm0Start.c **** *
 170:.\Generated_Source\PSoC4/Cm0Start.c **** * Parameters:
 171:.\Generated_Source\PSoC4/Cm0Start.c **** *  None
 172:.\Generated_Source\PSoC4/Cm0Start.c **** *
 173:.\Generated_Source\PSoC4/Cm0Start.c **** * Return:
 174:.\Generated_Source\PSoC4/Cm0Start.c **** *  None
 175:.\Generated_Source\PSoC4/Cm0Start.c **** *
 176:.\Generated_Source\PSoC4/Cm0Start.c **** *******************************************************************************/
 177:.\Generated_Source\PSoC4/Cm0Start.c **** __attribute__ ((noreturn))
 178:.\Generated_Source\PSoC4/Cm0Start.c **** void $Sub$$main(void)
 179:.\Generated_Source\PSoC4/Cm0Start.c **** {
 180:.\Generated_Source\PSoC4/Cm0Start.c ****     initialize_psoc();
 181:.\Generated_Source\PSoC4/Cm0Start.c **** 
 182:.\Generated_Source\PSoC4/Cm0Start.c ****     /* Call original main */
 183:.\Generated_Source\PSoC4/Cm0Start.c ****     $Super$$main();
 184:.\Generated_Source\PSoC4/Cm0Start.c **** 
ARM GAS  C:\Users\PETERG~1\AppData\Local\Temp\ccBs4PKH.s 			page 5


 185:.\Generated_Source\PSoC4/Cm0Start.c ****     while (1)
 186:.\Generated_Source\PSoC4/Cm0Start.c ****     {
 187:.\Generated_Source\PSoC4/Cm0Start.c ****         /* If main returns it is undefined what we should do. */
 188:.\Generated_Source\PSoC4/Cm0Start.c ****     }
 189:.\Generated_Source\PSoC4/Cm0Start.c **** }
 190:.\Generated_Source\PSoC4/Cm0Start.c **** 
 191:.\Generated_Source\PSoC4/Cm0Start.c **** #elif defined(__GNUC__)
 192:.\Generated_Source\PSoC4/Cm0Start.c **** 
 193:.\Generated_Source\PSoC4/Cm0Start.c **** /* Stack Base address */
 194:.\Generated_Source\PSoC4/Cm0Start.c **** extern void __cy_stack(void);
 195:.\Generated_Source\PSoC4/Cm0Start.c **** 
 196:.\Generated_Source\PSoC4/Cm0Start.c **** /* Application entry point. */
 197:.\Generated_Source\PSoC4/Cm0Start.c **** extern int main(void);
 198:.\Generated_Source\PSoC4/Cm0Start.c **** 
 199:.\Generated_Source\PSoC4/Cm0Start.c **** /* The static objects constructors initializer */
 200:.\Generated_Source\PSoC4/Cm0Start.c **** extern void __libc_init_array(void);
 201:.\Generated_Source\PSoC4/Cm0Start.c **** 
 202:.\Generated_Source\PSoC4/Cm0Start.c **** typedef unsigned char __cy_byte_align8 __attribute ((aligned (8)));
 203:.\Generated_Source\PSoC4/Cm0Start.c **** 
 204:.\Generated_Source\PSoC4/Cm0Start.c **** struct __cy_region
 205:.\Generated_Source\PSoC4/Cm0Start.c **** {
 206:.\Generated_Source\PSoC4/Cm0Start.c ****     __cy_byte_align8 *init; /* Initial contents of this region.  */
 207:.\Generated_Source\PSoC4/Cm0Start.c ****     __cy_byte_align8 *data; /* Start address of region.  */
 208:.\Generated_Source\PSoC4/Cm0Start.c ****     size_t init_size;       /* Size of initial data.  */
 209:.\Generated_Source\PSoC4/Cm0Start.c ****     size_t zero_size;       /* Additional size to be zeroed.  */
 210:.\Generated_Source\PSoC4/Cm0Start.c **** };
 211:.\Generated_Source\PSoC4/Cm0Start.c **** 
 212:.\Generated_Source\PSoC4/Cm0Start.c **** extern const struct __cy_region __cy_regions[];
 213:.\Generated_Source\PSoC4/Cm0Start.c **** extern const char __cy_region_num __attribute__((weak));
 214:.\Generated_Source\PSoC4/Cm0Start.c **** #define __cy_region_num ((size_t)&__cy_region_num)
 215:.\Generated_Source\PSoC4/Cm0Start.c **** 
 216:.\Generated_Source\PSoC4/Cm0Start.c **** __attribute__((weak))
 217:.\Generated_Source\PSoC4/Cm0Start.c **** void _exit(int status)
 218:.\Generated_Source\PSoC4/Cm0Start.c **** {
  45              		.loc 1 218 0
  46              		.cfi_startproc
  47              	.LVL0:
  48              		.loc 1 218 0
  49 0000 00B5     		push	{lr}
  50              	.LCFI1:
  51              		.cfi_def_cfa_offset 4
  52              		.cfi_offset 14, -4
  53              	.L5:
  54 0002 FEE7     		b	.L5
  55              		.cfi_endproc
  56              	.LFE1:
  57              		.size	_exit, .-_exit
  58              		.section	.text.Start_c,"ax",%progbits
  59              		.align	1
  60              		.global	Start_c
  61              		.code	16
  62              		.thumb_func
  63              		.type	Start_c, %function
  64              	Start_c:
  65              	.LFB2:
 219:.\Generated_Source\PSoC4/Cm0Start.c ****     /* Cause divide by 0 exception */
 220:.\Generated_Source\PSoC4/Cm0Start.c ****     int x = status / INT_MAX;
ARM GAS  C:\Users\PETERG~1\AppData\Local\Temp\ccBs4PKH.s 			page 6


 221:.\Generated_Source\PSoC4/Cm0Start.c ****     x = 4 / x;
 222:.\Generated_Source\PSoC4/Cm0Start.c **** 
 223:.\Generated_Source\PSoC4/Cm0Start.c ****     while(1)
 224:.\Generated_Source\PSoC4/Cm0Start.c ****     {
 225:.\Generated_Source\PSoC4/Cm0Start.c **** 
 226:.\Generated_Source\PSoC4/Cm0Start.c ****     }
 227:.\Generated_Source\PSoC4/Cm0Start.c **** }
 228:.\Generated_Source\PSoC4/Cm0Start.c **** 
 229:.\Generated_Source\PSoC4/Cm0Start.c **** /*******************************************************************************
 230:.\Generated_Source\PSoC4/Cm0Start.c **** * Function Name: Start_c
 231:.\Generated_Source\PSoC4/Cm0Start.c **** ********************************************************************************
 232:.\Generated_Source\PSoC4/Cm0Start.c **** *
 233:.\Generated_Source\PSoC4/Cm0Start.c **** * Summary:
 234:.\Generated_Source\PSoC4/Cm0Start.c **** *  This function handles initializing the .data and .bss sections in
 235:.\Generated_Source\PSoC4/Cm0Start.c **** *  preparation for running the standard c code.  Once initialization is complete
 236:.\Generated_Source\PSoC4/Cm0Start.c **** *  it will call main().  This function will never return.
 237:.\Generated_Source\PSoC4/Cm0Start.c **** *
 238:.\Generated_Source\PSoC4/Cm0Start.c **** * Parameters:
 239:.\Generated_Source\PSoC4/Cm0Start.c **** *  None
 240:.\Generated_Source\PSoC4/Cm0Start.c **** *
 241:.\Generated_Source\PSoC4/Cm0Start.c **** * Return:
 242:.\Generated_Source\PSoC4/Cm0Start.c **** *  None
 243:.\Generated_Source\PSoC4/Cm0Start.c **** *
 244:.\Generated_Source\PSoC4/Cm0Start.c **** *******************************************************************************/
 245:.\Generated_Source\PSoC4/Cm0Start.c **** void Start_c(void)  __attribute__ ((noreturn));
 246:.\Generated_Source\PSoC4/Cm0Start.c **** void Start_c(void)
 247:.\Generated_Source\PSoC4/Cm0Start.c **** {
  66              		.loc 1 247 0
  67              		.cfi_startproc
  68              	.LVL1:
  69              		.loc 1 247 0
  70 0000 70B5     		push	{r4, r5, r6, lr}
  71              	.LCFI2:
  72              		.cfi_def_cfa_offset 16
  73              		.cfi_offset 4, -16
  74              		.cfi_offset 5, -12
  75              		.cfi_offset 6, -8
  76              		.cfi_offset 14, -4
  77 0002 0F49     		ldr	r1, .L17
 248:.\Generated_Source\PSoC4/Cm0Start.c ****     unsigned regions = __cy_region_num;
 249:.\Generated_Source\PSoC4/Cm0Start.c ****     const struct __cy_region *rptr = __cy_regions;
 250:.\Generated_Source\PSoC4/Cm0Start.c **** 
 251:.\Generated_Source\PSoC4/Cm0Start.c ****     /* Initialize memory */
 252:.\Generated_Source\PSoC4/Cm0Start.c ****     for (regions = __cy_region_num, rptr = __cy_regions; regions--; rptr++)
  78              		.loc 1 252 0
  79 0004 0F4A     		ldr	r2, .L17+4
  80 0006 0139     		sub	r1, r1, #1
  81              	.LVL2:
  82              	.L7:
  83              		.loc 1 252 0 is_stmt 0 discriminator 1
  84 0008 4B1C     		add	r3, r1, #1
  85 000a 14D0     		beq	.L14
  86              	.L12:
  87              	.LVL3:
  88              	.LBB2:
 253:.\Generated_Source\PSoC4/Cm0Start.c ****     {
 254:.\Generated_Source\PSoC4/Cm0Start.c ****         uint32 *src = (uint32 *)rptr->init;
ARM GAS  C:\Users\PETERG~1\AppData\Local\Temp\ccBs4PKH.s 			page 7


 255:.\Generated_Source\PSoC4/Cm0Start.c ****         uint32 *dst = (uint32 *)rptr->data;
  89              		.loc 1 255 0 is_stmt 1
  90 000c 5068     		ldr	r0, [r2, #4]
  91              	.LVL4:
 256:.\Generated_Source\PSoC4/Cm0Start.c ****         unsigned limit = rptr->init_size;
  92              		.loc 1 256 0
  93 000e 9568     		ldr	r5, [r2, #8]
  94              	.LVL5:
  95 0010 1468     		ldr	r4, [r2]
 255:.\Generated_Source\PSoC4/Cm0Start.c ****         uint32 *dst = (uint32 *)rptr->data;
  96              		.loc 1 255 0
  97 0012 031C     		mov	r3, r0
  98              	.LVL6:
  99              	.L8:
 257:.\Generated_Source\PSoC4/Cm0Start.c ****         unsigned count;
 258:.\Generated_Source\PSoC4/Cm0Start.c **** 
 259:.\Generated_Source\PSoC4/Cm0Start.c ****         for (count = 0u; count != limit; count += sizeof (uint32))
 100              		.loc 1 259 0 discriminator 1
 101 0014 1E1A     		sub	r6, r3, r0
 102 0016 AE42     		cmp	r6, r5
 103 0018 02D0     		beq	.L15
 104              	.L9:
 260:.\Generated_Source\PSoC4/Cm0Start.c ****         {
 261:.\Generated_Source\PSoC4/Cm0Start.c ****             *dst++ = *src++;
 105              		.loc 1 261 0 discriminator 2
 106 001a 40CC     		ldmia	r4!, {r6}
 107 001c 40C3     		stmia	r3!, {r6}
 108              	.LVL7:
 109 001e F9E7     		b	.L8
 110              	.L15:
 262:.\Generated_Source\PSoC4/Cm0Start.c ****         }
 263:.\Generated_Source\PSoC4/Cm0Start.c ****         limit = rptr->zero_size;
 111              		.loc 1 263 0
 112 0020 D068     		ldr	r0, [r2, #12]
 113              	.LVL8:
 259:.\Generated_Source\PSoC4/Cm0Start.c ****         for (count = 0u; count != limit; count += sizeof (uint32))
 114              		.loc 1 259 0
 115 0022 1D1C     		mov	r5, r3
 116              	.LVL9:
 117              	.L10:
 264:.\Generated_Source\PSoC4/Cm0Start.c ****         for (count = 0u; count != limit; count += sizeof (uint32))
 118              		.loc 1 264 0 discriminator 1
 119 0024 5C1B     		sub	r4, r3, r5
 120 0026 8442     		cmp	r4, r0
 121 0028 02D0     		beq	.L16
 122              	.L11:
 265:.\Generated_Source\PSoC4/Cm0Start.c ****         {
 266:.\Generated_Source\PSoC4/Cm0Start.c ****             *dst++ = 0u;
 123              		.loc 1 266 0 discriminator 2
 124 002a 0026     		mov	r6, #0
 125 002c 40C3     		stmia	r3!, {r6}
 126              	.LVL10:
 127 002e F9E7     		b	.L10
 128              	.L16:
 129              	.LBE2:
 252:.\Generated_Source\PSoC4/Cm0Start.c ****     for (regions = __cy_region_num, rptr = __cy_regions; regions--; rptr++)
 130              		.loc 1 252 0
ARM GAS  C:\Users\PETERG~1\AppData\Local\Temp\ccBs4PKH.s 			page 8


 131 0030 1032     		add	r2, r2, #16
 132              	.LVL11:
 133 0032 0139     		sub	r1, r1, #1
 134 0034 E8E7     		b	.L7
 135              	.LVL12:
 136              	.L14:
 267:.\Generated_Source\PSoC4/Cm0Start.c ****         }
 268:.\Generated_Source\PSoC4/Cm0Start.c ****     }
 269:.\Generated_Source\PSoC4/Cm0Start.c **** 
 270:.\Generated_Source\PSoC4/Cm0Start.c ****     /* Invoke static objects constructors */
 271:.\Generated_Source\PSoC4/Cm0Start.c ****     __libc_init_array();
 137              		.loc 1 271 0
 138 0036 FFF7FEFF 		bl	__libc_init_array
 139              	.LVL13:
 272:.\Generated_Source\PSoC4/Cm0Start.c ****     (void) main();
 140              		.loc 1 272 0
 141 003a FFF7FEFF 		bl	main
 142              	.LVL14:
 143              	.L13:
 144 003e FEE7     		b	.L13
 145              	.L18:
 146              		.align	2
 147              	.L17:
 148 0040 00000000 		.word	__cy_region_num
 149 0044 00000000 		.word	__cy_regions
 150              		.cfi_endproc
 151              	.LFE2:
 152              		.size	Start_c, .-Start_c
 153              		.section	.text.Reset,"ax",%progbits
 154              		.align	1
 155              		.global	Reset
 156              		.code	16
 157              		.thumb_func
 158              		.type	Reset, %function
 159              	Reset:
 160              	.LFB3:
 273:.\Generated_Source\PSoC4/Cm0Start.c **** 
 274:.\Generated_Source\PSoC4/Cm0Start.c ****     while (1)
 275:.\Generated_Source\PSoC4/Cm0Start.c ****     {
 276:.\Generated_Source\PSoC4/Cm0Start.c ****         /* If main returns, make sure we don't return. */
 277:.\Generated_Source\PSoC4/Cm0Start.c ****     }
 278:.\Generated_Source\PSoC4/Cm0Start.c **** }
 279:.\Generated_Source\PSoC4/Cm0Start.c **** 
 280:.\Generated_Source\PSoC4/Cm0Start.c **** 
 281:.\Generated_Source\PSoC4/Cm0Start.c **** /*******************************************************************************
 282:.\Generated_Source\PSoC4/Cm0Start.c **** * Function Name: Reset
 283:.\Generated_Source\PSoC4/Cm0Start.c **** ********************************************************************************
 284:.\Generated_Source\PSoC4/Cm0Start.c **** *
 285:.\Generated_Source\PSoC4/Cm0Start.c **** * Summary:
 286:.\Generated_Source\PSoC4/Cm0Start.c **** *  This function handles the reset interrupt for the GCC toolchain.  This is
 287:.\Generated_Source\PSoC4/Cm0Start.c **** *  the first bit of code that is executed at startup.
 288:.\Generated_Source\PSoC4/Cm0Start.c **** *
 289:.\Generated_Source\PSoC4/Cm0Start.c **** * Parameters:
 290:.\Generated_Source\PSoC4/Cm0Start.c **** *  None
 291:.\Generated_Source\PSoC4/Cm0Start.c **** *
 292:.\Generated_Source\PSoC4/Cm0Start.c **** * Return:
 293:.\Generated_Source\PSoC4/Cm0Start.c **** *  None
ARM GAS  C:\Users\PETERG~1\AppData\Local\Temp\ccBs4PKH.s 			page 9


 294:.\Generated_Source\PSoC4/Cm0Start.c **** *
 295:.\Generated_Source\PSoC4/Cm0Start.c **** *******************************************************************************/
 296:.\Generated_Source\PSoC4/Cm0Start.c **** void Reset(void)
 297:.\Generated_Source\PSoC4/Cm0Start.c **** {
 161              		.loc 1 297 0
 162              		.cfi_startproc
 163 0000 08B5     		push	{r3, lr}
 164              	.LCFI3:
 165              		.cfi_def_cfa_offset 8
 166              		.cfi_offset 3, -8
 167              		.cfi_offset 14, -4
 298:.\Generated_Source\PSoC4/Cm0Start.c ****     #if (CYDEV_PROJ_TYPE == CYDEV_PROJ_TYPE_LOADABLE)
 299:.\Generated_Source\PSoC4/Cm0Start.c ****         /* The bootloadable application image is started at Reset() handler
 300:.\Generated_Source\PSoC4/Cm0Start.c ****         * as a result of a branch instruction execution from the bootloader.
 301:.\Generated_Source\PSoC4/Cm0Start.c ****         * So, the stack pointer needs to be reset to be sure that
 302:.\Generated_Source\PSoC4/Cm0Start.c ****         * there is no garbage in the stack.
 303:.\Generated_Source\PSoC4/Cm0Start.c ****         */
 304:.\Generated_Source\PSoC4/Cm0Start.c ****         __asm volatile ("MSR msp, %0\n" : : "r" ((uint32)&__cy_stack) : "sp");
 305:.\Generated_Source\PSoC4/Cm0Start.c ****     #endif /* CYDEV_PROJ_TYPE_LOADABLE */
 306:.\Generated_Source\PSoC4/Cm0Start.c **** 
 307:.\Generated_Source\PSoC4/Cm0Start.c ****     #if(!CY_PSOC4A)
 308:.\Generated_Source\PSoC4/Cm0Start.c ****         CySysWdtDisable();
 309:.\Generated_Source\PSoC4/Cm0Start.c ****     #endif  /* (!CY_PSOC4A) */
 310:.\Generated_Source\PSoC4/Cm0Start.c **** 
 311:.\Generated_Source\PSoC4/Cm0Start.c ****     #if (CYDEV_BOOTLOADER_ENABLE)
 312:.\Generated_Source\PSoC4/Cm0Start.c ****         CyBtldr_CheckLaunch();
 168              		.loc 1 312 0
 169 0002 FFF7FEFF 		bl	CyBtldr_CheckLaunch
 170              	.LVL15:
 313:.\Generated_Source\PSoC4/Cm0Start.c ****     #endif /* CYDEV_BOOTLOADER_ENABLE */
 314:.\Generated_Source\PSoC4/Cm0Start.c ****     Start_c();
 171              		.loc 1 314 0
 172 0006 FFF7FEFF 		bl	Start_c
 173              	.LVL16:
 174              		.cfi_endproc
 175              	.LFE3:
 176              		.size	Reset, .-Reset
 177              		.section	.text.startup.initialize_psoc,"ax",%progbits
 178              		.align	1
 179              		.global	initialize_psoc
 180              		.code	16
 181              		.thumb_func
 182              		.type	initialize_psoc, %function
 183              	initialize_psoc:
 184              	.LFB4:
 315:.\Generated_Source\PSoC4/Cm0Start.c **** }
 316:.\Generated_Source\PSoC4/Cm0Start.c **** 
 317:.\Generated_Source\PSoC4/Cm0Start.c **** #elif defined (__ICCARM__)
 318:.\Generated_Source\PSoC4/Cm0Start.c **** 
 319:.\Generated_Source\PSoC4/Cm0Start.c **** 
 320:.\Generated_Source\PSoC4/Cm0Start.c **** /*******************************************************************************
 321:.\Generated_Source\PSoC4/Cm0Start.c **** * Function Name: __low_level_init
 322:.\Generated_Source\PSoC4/Cm0Start.c **** ********************************************************************************
 323:.\Generated_Source\PSoC4/Cm0Start.c **** *
 324:.\Generated_Source\PSoC4/Cm0Start.c **** * Summary:
 325:.\Generated_Source\PSoC4/Cm0Start.c **** *  This function performs early initializations for the IAR Embedded
 326:.\Generated_Source\PSoC4/Cm0Start.c **** *  Workbench IDE. It is executed in the context of reset interrupt handler
ARM GAS  C:\Users\PETERG~1\AppData\Local\Temp\ccBs4PKH.s 			page 10


 327:.\Generated_Source\PSoC4/Cm0Start.c **** *  before the data sections are initialized.
 328:.\Generated_Source\PSoC4/Cm0Start.c **** *
 329:.\Generated_Source\PSoC4/Cm0Start.c **** * Parameters:
 330:.\Generated_Source\PSoC4/Cm0Start.c **** *  None
 331:.\Generated_Source\PSoC4/Cm0Start.c **** *
 332:.\Generated_Source\PSoC4/Cm0Start.c **** * Return:
 333:.\Generated_Source\PSoC4/Cm0Start.c **** *  The value that determines whether or not data sections should be initialized
 334:.\Generated_Source\PSoC4/Cm0Start.c **** *  by the system startup code:
 335:.\Generated_Source\PSoC4/Cm0Start.c **** *    0 - skip data sections initialization;
 336:.\Generated_Source\PSoC4/Cm0Start.c **** *    1 - initialize data sections;
 337:.\Generated_Source\PSoC4/Cm0Start.c **** *
 338:.\Generated_Source\PSoC4/Cm0Start.c **** *******************************************************************************/
 339:.\Generated_Source\PSoC4/Cm0Start.c **** int __low_level_init(void)
 340:.\Generated_Source\PSoC4/Cm0Start.c **** {
 341:.\Generated_Source\PSoC4/Cm0Start.c ****     #if(!CY_PSOC4A)
 342:.\Generated_Source\PSoC4/Cm0Start.c ****         CySysWdtDisable();
 343:.\Generated_Source\PSoC4/Cm0Start.c ****     #endif  /* (!CY_PSOC4A) */
 344:.\Generated_Source\PSoC4/Cm0Start.c **** 
 345:.\Generated_Source\PSoC4/Cm0Start.c **** #if (CYDEV_BOOTLOADER_ENABLE)
 346:.\Generated_Source\PSoC4/Cm0Start.c ****     CyBtldr_CheckLaunch();
 347:.\Generated_Source\PSoC4/Cm0Start.c **** #endif /* CYDEV_BOOTLOADER_ENABLE */
 348:.\Generated_Source\PSoC4/Cm0Start.c **** 
 349:.\Generated_Source\PSoC4/Cm0Start.c ****     /* Initialize data sections */
 350:.\Generated_Source\PSoC4/Cm0Start.c ****     __iar_data_init3();
 351:.\Generated_Source\PSoC4/Cm0Start.c **** 
 352:.\Generated_Source\PSoC4/Cm0Start.c ****     initialize_psoc();
 353:.\Generated_Source\PSoC4/Cm0Start.c **** 
 354:.\Generated_Source\PSoC4/Cm0Start.c ****     return 0;
 355:.\Generated_Source\PSoC4/Cm0Start.c **** }
 356:.\Generated_Source\PSoC4/Cm0Start.c **** 
 357:.\Generated_Source\PSoC4/Cm0Start.c **** #endif /* __GNUC__ */
 358:.\Generated_Source\PSoC4/Cm0Start.c **** 
 359:.\Generated_Source\PSoC4/Cm0Start.c **** 
 360:.\Generated_Source\PSoC4/Cm0Start.c **** /*******************************************************************************
 361:.\Generated_Source\PSoC4/Cm0Start.c **** * Ram Interrupt Vector table storage area. Must be placed at 0x20000000.
 362:.\Generated_Source\PSoC4/Cm0Start.c **** *******************************************************************************/
 363:.\Generated_Source\PSoC4/Cm0Start.c **** 
 364:.\Generated_Source\PSoC4/Cm0Start.c **** #if defined (__ICCARM__)
 365:.\Generated_Source\PSoC4/Cm0Start.c ****     #pragma location=".ramvectors"
 366:.\Generated_Source\PSoC4/Cm0Start.c **** #else
 367:.\Generated_Source\PSoC4/Cm0Start.c ****     CY_SECTION(".ramvectors")
 368:.\Generated_Source\PSoC4/Cm0Start.c **** #endif  /* defined (__ICCARM__) */
 369:.\Generated_Source\PSoC4/Cm0Start.c **** cyisraddress CyRamVectors[CY_NUM_VECTORS];
 370:.\Generated_Source\PSoC4/Cm0Start.c **** 
 371:.\Generated_Source\PSoC4/Cm0Start.c **** 
 372:.\Generated_Source\PSoC4/Cm0Start.c **** /*******************************************************************************
 373:.\Generated_Source\PSoC4/Cm0Start.c **** * Rom Interrupt Vector table storage area. Must be 256-byte aligned.
 374:.\Generated_Source\PSoC4/Cm0Start.c **** *******************************************************************************/
 375:.\Generated_Source\PSoC4/Cm0Start.c **** 
 376:.\Generated_Source\PSoC4/Cm0Start.c **** #if defined(__ARMCC_VERSION)
 377:.\Generated_Source\PSoC4/Cm0Start.c ****     /* Suppress diagnostic message 1296-D: extended constant initialiser used */
 378:.\Generated_Source\PSoC4/Cm0Start.c ****     #pragma diag_suppress 1296
 379:.\Generated_Source\PSoC4/Cm0Start.c **** #endif  /* defined(__ARMCC_VERSION) */
 380:.\Generated_Source\PSoC4/Cm0Start.c **** 
 381:.\Generated_Source\PSoC4/Cm0Start.c **** #if defined (__ICCARM__)
 382:.\Generated_Source\PSoC4/Cm0Start.c ****     #pragma location=".romvectors"
 383:.\Generated_Source\PSoC4/Cm0Start.c ****     const intvec_elem __vector_table[CY_NUM_ROM_VECTORS] =
ARM GAS  C:\Users\PETERG~1\AppData\Local\Temp\ccBs4PKH.s 			page 11


 384:.\Generated_Source\PSoC4/Cm0Start.c **** #else
 385:.\Generated_Source\PSoC4/Cm0Start.c ****     CY_SECTION(".romvectors")
 386:.\Generated_Source\PSoC4/Cm0Start.c ****     const cyisraddress RomVectors[CY_NUM_ROM_VECTORS] =
 387:.\Generated_Source\PSoC4/Cm0Start.c **** #endif  /* defined (__ICCARM__) */
 388:.\Generated_Source\PSoC4/Cm0Start.c **** {
 389:.\Generated_Source\PSoC4/Cm0Start.c ****     INITIAL_STACK_POINTER,   /* The initial stack pointer  0 */
 390:.\Generated_Source\PSoC4/Cm0Start.c ****     #if defined (__ICCARM__) /* The reset handler          1 */
 391:.\Generated_Source\PSoC4/Cm0Start.c ****         __iar_program_start,
 392:.\Generated_Source\PSoC4/Cm0Start.c ****     #else
 393:.\Generated_Source\PSoC4/Cm0Start.c ****         (cyisraddress)&Reset,
 394:.\Generated_Source\PSoC4/Cm0Start.c ****     #endif  /* defined (__ICCARM__) */
 395:.\Generated_Source\PSoC4/Cm0Start.c ****     &IntDefaultHandler,      /* The NMI handler            2 */
 396:.\Generated_Source\PSoC4/Cm0Start.c ****     &IntDefaultHandler,      /* The hard fault handler     3 */
 397:.\Generated_Source\PSoC4/Cm0Start.c **** };
 398:.\Generated_Source\PSoC4/Cm0Start.c **** 
 399:.\Generated_Source\PSoC4/Cm0Start.c **** #if defined(__ARMCC_VERSION)
 400:.\Generated_Source\PSoC4/Cm0Start.c ****     #pragma diag_default 1296
 401:.\Generated_Source\PSoC4/Cm0Start.c **** #endif  /* defined(__ARMCC_VERSION) */
 402:.\Generated_Source\PSoC4/Cm0Start.c **** 
 403:.\Generated_Source\PSoC4/Cm0Start.c **** 
 404:.\Generated_Source\PSoC4/Cm0Start.c **** /*******************************************************************************
 405:.\Generated_Source\PSoC4/Cm0Start.c **** * Function Name: initialize_psoc
 406:.\Generated_Source\PSoC4/Cm0Start.c **** ********************************************************************************
 407:.\Generated_Source\PSoC4/Cm0Start.c **** *
 408:.\Generated_Source\PSoC4/Cm0Start.c **** * Summary:
 409:.\Generated_Source\PSoC4/Cm0Start.c **** *  This function is used to initialize the PSoC chip before calling main.
 410:.\Generated_Source\PSoC4/Cm0Start.c **** *
 411:.\Generated_Source\PSoC4/Cm0Start.c **** * Parameters:
 412:.\Generated_Source\PSoC4/Cm0Start.c **** *  None
 413:.\Generated_Source\PSoC4/Cm0Start.c **** *
 414:.\Generated_Source\PSoC4/Cm0Start.c **** * Return:
 415:.\Generated_Source\PSoC4/Cm0Start.c **** *  None
 416:.\Generated_Source\PSoC4/Cm0Start.c **** *
 417:.\Generated_Source\PSoC4/Cm0Start.c **** *******************************************************************************/
 418:.\Generated_Source\PSoC4/Cm0Start.c **** #if(defined(__GNUC__) && !defined(__ARMCC_VERSION))
 419:.\Generated_Source\PSoC4/Cm0Start.c **** __attribute__ ((constructor(101)))
 420:.\Generated_Source\PSoC4/Cm0Start.c **** #endif  /* (defined(__GNUC__) && !defined(__ARMCC_VERSION)) */
 421:.\Generated_Source\PSoC4/Cm0Start.c **** void initialize_psoc(void)
 422:.\Generated_Source\PSoC4/Cm0Start.c **** {
 185              		.loc 1 422 0
 186              		.cfi_startproc
 187              	.LVL17:
 188 0000 08B5     		push	{r3, lr}
 189              	.LCFI4:
 190              		.cfi_def_cfa_offset 8
 191              		.cfi_offset 3, -8
 192              		.cfi_offset 14, -4
 423:.\Generated_Source\PSoC4/Cm0Start.c ****     uint32 indexInit;
 424:.\Generated_Source\PSoC4/Cm0Start.c **** 
 425:.\Generated_Source\PSoC4/Cm0Start.c ****     #if(!CY_PSOC4A)
 426:.\Generated_Source\PSoC4/Cm0Start.c ****         /***********************************************************************
 427:.\Generated_Source\PSoC4/Cm0Start.c ****         * Make sure that Vector Table is located at 0000_0000 in Flash, before
 428:.\Generated_Source\PSoC4/Cm0Start.c ****         * accessing RomVectors or calling functions that may be placed in
 429:.\Generated_Source\PSoC4/Cm0Start.c ****         * .psocinit (cyfitter_cfg and ClockSetup). Note The CY_CPUSS_CONFIG_REG
 430:.\Generated_Source\PSoC4/Cm0Start.c ****         * register is retention for the specified device family.
 431:.\Generated_Source\PSoC4/Cm0Start.c ****         ***********************************************************************/
 432:.\Generated_Source\PSoC4/Cm0Start.c ****         CY_CPUSS_CONFIG_REG &= (uint32) ~CY_CPUSS_CONFIG_VECT_IN_RAM;
ARM GAS  C:\Users\PETERG~1\AppData\Local\Temp\ccBs4PKH.s 			page 12


 433:.\Generated_Source\PSoC4/Cm0Start.c ****     #endif  /* (!CY_PSOC4A) */
 434:.\Generated_Source\PSoC4/Cm0Start.c **** 
 435:.\Generated_Source\PSoC4/Cm0Start.c ****     /* Set Ram interrupt vectors to default functions. */
 436:.\Generated_Source\PSoC4/Cm0Start.c ****     for (indexInit = 0u; indexInit < CY_NUM_VECTORS; indexInit++)
 193              		.loc 1 436 0
 194 0002 0023     		mov	r3, #0
 195              	.LVL18:
 196              	.L22:
 197 0004 9A00     		lsl	r2, r3, #2
 437:.\Generated_Source\PSoC4/Cm0Start.c ****     {
 438:.\Generated_Source\PSoC4/Cm0Start.c ****         CyRamVectors[indexInit] = (indexInit < CY_NUM_ROM_VECTORS) ?
 439:.\Generated_Source\PSoC4/Cm0Start.c ****             #if defined (__ICCARM__)
 440:.\Generated_Source\PSoC4/Cm0Start.c ****                 __vector_table[indexInit].__fun : &IntDefaultHandler;
 441:.\Generated_Source\PSoC4/Cm0Start.c ****             #else
 442:.\Generated_Source\PSoC4/Cm0Start.c ****                 RomVectors[indexInit] : &IntDefaultHandler;
 198              		.loc 1 442 0
 199 0006 032B     		cmp	r3, #3
 200 0008 02D8     		bhi	.L24
 201              		.loc 1 442 0 is_stmt 0 discriminator 1
 202 000a 0D48     		ldr	r0, .L26
 203 000c 8158     		ldr	r1, [r0, r2]
 204 000e 00E0     		b	.L21
 205              	.L24:
 206              		.loc 1 442 0
 207 0010 0C49     		ldr	r1, .L26+4
 208              	.L21:
 438:.\Generated_Source\PSoC4/Cm0Start.c ****         CyRamVectors[indexInit] = (indexInit < CY_NUM_ROM_VECTORS) ?
 209              		.loc 1 438 0 is_stmt 1
 210 0012 0D48     		ldr	r0, .L26+8
 436:.\Generated_Source\PSoC4/Cm0Start.c ****     for (indexInit = 0u; indexInit < CY_NUM_VECTORS; indexInit++)
 211              		.loc 1 436 0
 212 0014 0133     		add	r3, r3, #1
 213              	.LVL19:
 438:.\Generated_Source\PSoC4/Cm0Start.c ****         CyRamVectors[indexInit] = (indexInit < CY_NUM_ROM_VECTORS) ?
 214              		.loc 1 438 0
 215 0016 8150     		str	r1, [r0, r2]
 436:.\Generated_Source\PSoC4/Cm0Start.c ****     for (indexInit = 0u; indexInit < CY_NUM_VECTORS; indexInit++)
 216              		.loc 1 436 0
 217 0018 302B     		cmp	r3, #48
 218 001a F3D1     		bne	.L22
 443:.\Generated_Source\PSoC4/Cm0Start.c ****             #endif  /* defined (__ICCARM__) */
 444:.\Generated_Source\PSoC4/Cm0Start.c ****     }
 445:.\Generated_Source\PSoC4/Cm0Start.c **** 
 446:.\Generated_Source\PSoC4/Cm0Start.c ****     /* Initialize configuration registers. */
 447:.\Generated_Source\PSoC4/Cm0Start.c ****     cyfitter_cfg();
 219              		.loc 1 447 0
 220 001c FFF7FEFF 		bl	cyfitter_cfg
 221              	.LVL20:
 448:.\Generated_Source\PSoC4/Cm0Start.c **** 
 449:.\Generated_Source\PSoC4/Cm0Start.c ****     #if !defined (__ICCARM__)
 450:.\Generated_Source\PSoC4/Cm0Start.c ****         /* Actually, no need to clean this variable, just to make compiler happy. */
 451:.\Generated_Source\PSoC4/Cm0Start.c ****         cySysNoInitDataValid = 0u;
 452:.\Generated_Source\PSoC4/Cm0Start.c ****     #endif  /* !defined (__ICCARM__) */
 453:.\Generated_Source\PSoC4/Cm0Start.c **** 
 454:.\Generated_Source\PSoC4/Cm0Start.c ****     #if (CYDEV_PROJ_TYPE != CYDEV_PROJ_TYPE_STANDARD)
 455:.\Generated_Source\PSoC4/Cm0Start.c **** 
 456:.\Generated_Source\PSoC4/Cm0Start.c ****         /* Need to make sure that this variable will not be optimized out */
ARM GAS  C:\Users\PETERG~1\AppData\Local\Temp\ccBs4PKH.s 			page 13


 457:.\Generated_Source\PSoC4/Cm0Start.c ****         if (0u == cyBtldrRunType)
 222              		.loc 1 457 0
 223 0020 0A49     		ldr	r1, .L26+12
 451:.\Generated_Source\PSoC4/Cm0Start.c ****         cySysNoInitDataValid = 0u;
 224              		.loc 1 451 0
 225 0022 0B4B     		ldr	r3, .L26+16
 226              		.loc 1 457 0
 227 0024 0868     		ldr	r0, [r1]
 451:.\Generated_Source\PSoC4/Cm0Start.c ****         cySysNoInitDataValid = 0u;
 228              		.loc 1 451 0
 229 0026 0022     		mov	r2, #0
 230 0028 1A60     		str	r2, [r3]
 231              		.loc 1 457 0
 232 002a 0028     		cmp	r0, #0
 233 002c 00D1     		bne	.L23
 458:.\Generated_Source\PSoC4/Cm0Start.c ****         {
 459:.\Generated_Source\PSoC4/Cm0Start.c ****             cyBtldrRunType = 0u;
 234              		.loc 1 459 0
 235 002e 0860     		str	r0, [r1]
 236              	.L23:
 460:.\Generated_Source\PSoC4/Cm0Start.c ****         }
 461:.\Generated_Source\PSoC4/Cm0Start.c **** 
 462:.\Generated_Source\PSoC4/Cm0Start.c ****     #endif  /* (CYDEV_PROJ_TYPE != CYDEV_PROJ_TYPE_STANDARD) */
 463:.\Generated_Source\PSoC4/Cm0Start.c **** 
 464:.\Generated_Source\PSoC4/Cm0Start.c ****     /* Vector Table is located at 0x2000:0000 in SRAM */
 465:.\Generated_Source\PSoC4/Cm0Start.c ****     CY_CPUSS_CONFIG_REG |= CY_CPUSS_CONFIG_VECT_IN_RAM;
 237              		.loc 1 465 0
 238 0030 8022     		mov	r2, #128
 239 0032 D305     		lsl	r3, r2, #23
 240 0034 1868     		ldr	r0, [r3]
 241 0036 0121     		mov	r1, #1
 242 0038 0843     		orr	r0, r1
 243 003a 1860     		str	r0, [r3]
 466:.\Generated_Source\PSoC4/Cm0Start.c **** }
 244              		.loc 1 466 0
 245              		@ sp needed for prologue
 246 003c 08BD     		pop	{r3, pc}
 247              	.L27:
 248 003e C046     		.align	2
 249              	.L26:
 250 0040 00000000 		.word	.LANCHOR0
 251 0044 00000000 		.word	IntDefaultHandler
 252 0048 00000000 		.word	.LANCHOR1
 253 004c 00000000 		.word	.LANCHOR3
 254 0050 00000000 		.word	.LANCHOR2
 255              		.cfi_endproc
 256              	.LFE4:
 257              		.size	initialize_psoc, .-initialize_psoc
 258              		.section	.init_array,"aw",%init_array
 259              		.align	2
 260 0000 00000000 		.word	initialize_psoc(target1)
 261              		.global	RomVectors
 262              		.global	CyRamVectors
 263              		.global	cyBtldrRunType
 264              		.section	.bootloaderruntype,"aw",%progbits
 265              		.align	2
 266              		.set	.LANCHOR3,. + 0
ARM GAS  C:\Users\PETERG~1\AppData\Local\Temp\ccBs4PKH.s 			page 14


 267              		.type	cyBtldrRunType, %object
 268              		.size	cyBtldrRunType, 4
 269              	cyBtldrRunType:
 270 0000 00000000 		.space	4
 271              		.section	.romvectors,"a",%progbits
 272              		.align	2
 273              		.set	.LANCHOR0,. + 0
 274              		.type	RomVectors, %object
 275              		.size	RomVectors, 16
 276              	RomVectors:
 277 0000 00000000 		.word	__cy_stack
 278 0004 00000000 		.word	Reset
 279 0008 00000000 		.word	IntDefaultHandler
 280 000c 00000000 		.word	IntDefaultHandler
 281              		.section	.noinit,"aw",%progbits
 282              		.align	2
 283              		.set	.LANCHOR2,. + 0
 284              		.type	cySysNoInitDataValid, %object
 285              		.size	cySysNoInitDataValid, 4
 286              	cySysNoInitDataValid:
 287 0000 00000000 		.space	4
 288              		.section	.ramvectors,"aw",%progbits
 289              		.align	2
 290              		.set	.LANCHOR1,. + 0
 291              		.type	CyRamVectors, %object
 292              		.size	CyRamVectors, 192
 293              	CyRamVectors:
 294 0000 00000000 		.space	192
 294      00000000 
 294      00000000 
 294      00000000 
 294      00000000 
 295              		.weak	__cy_region_num
 296              		.text
 297              	.Letext0:
 298              		.file 2 ".\\Generated_Source\\PSoC4\\cytypes.h"
 299              		.file 3 "c:\\program files (x86)\\cypress\\psoc creator\\3.0\\psoc creator\\import\\gnu_cs\\arm\\4
 300              		.file 4 ".\\Generated_Source\\PSoC4\\cyfitter_cfg.h"
 301              		.section	.debug_info,"",%progbits
 302              	.Ldebug_info0:
 303 0000 2F030000 		.4byte	0x32f
 304 0004 0200     		.2byte	0x2
 305 0006 00000000 		.4byte	.Ldebug_abbrev0
 306 000a 04       		.byte	0x4
 307 000b 01       		.uleb128 0x1
 308 000c DA010000 		.4byte	.LASF40
 309 0010 01       		.byte	0x1
 310 0011 98010000 		.4byte	.LASF41
 311 0015 59020000 		.4byte	.LASF42
 312 0019 00000000 		.4byte	.Ldebug_ranges0+0
 313 001d 00000000 		.4byte	0
 314 0021 00000000 		.4byte	0
 315 0025 00000000 		.4byte	.Ldebug_line0
 316 0029 02       		.uleb128 0x2
 317 002a 01       		.byte	0x1
 318 002b 06       		.byte	0x6
 319 002c 2C020000 		.4byte	.LASF0
ARM GAS  C:\Users\PETERG~1\AppData\Local\Temp\ccBs4PKH.s 			page 15


 320 0030 02       		.uleb128 0x2
 321 0031 01       		.byte	0x1
 322 0032 08       		.byte	0x8
 323 0033 70000000 		.4byte	.LASF1
 324 0037 02       		.uleb128 0x2
 325 0038 02       		.byte	0x2
 326 0039 05       		.byte	0x5
 327 003a D0010000 		.4byte	.LASF2
 328 003e 02       		.uleb128 0x2
 329 003f 02       		.byte	0x2
 330 0040 07       		.byte	0x7
 331 0041 B0000000 		.4byte	.LASF3
 332 0045 02       		.uleb128 0x2
 333 0046 04       		.byte	0x4
 334 0047 05       		.byte	0x5
 335 0048 23020000 		.4byte	.LASF4
 336 004c 02       		.uleb128 0x2
 337 004d 04       		.byte	0x4
 338 004e 07       		.byte	0x7
 339 004f 89000000 		.4byte	.LASF5
 340 0053 02       		.uleb128 0x2
 341 0054 08       		.byte	0x8
 342 0055 05       		.byte	0x5
 343 0056 85010000 		.4byte	.LASF6
 344 005a 02       		.uleb128 0x2
 345 005b 08       		.byte	0x8
 346 005c 07       		.byte	0x7
 347 005d 37010000 		.4byte	.LASF7
 348 0061 03       		.uleb128 0x3
 349 0062 04       		.byte	0x4
 350 0063 05       		.byte	0x5
 351 0064 696E7400 		.ascii	"int\000"
 352 0068 02       		.uleb128 0x2
 353 0069 04       		.byte	0x4
 354 006a 07       		.byte	0x7
 355 006b 1D010000 		.4byte	.LASF8
 356 006f 04       		.uleb128 0x4
 357 0070 0C010000 		.4byte	.LASF12
 358 0074 02       		.byte	0x2
 359 0075 5D       		.byte	0x5d
 360 0076 4C000000 		.4byte	0x4c
 361 007a 02       		.uleb128 0x2
 362 007b 04       		.byte	0x4
 363 007c 04       		.byte	0x4
 364 007d 65000000 		.4byte	.LASF9
 365 0081 02       		.uleb128 0x2
 366 0082 08       		.byte	0x8
 367 0083 04       		.byte	0x4
 368 0084 E1000000 		.4byte	.LASF10
 369 0088 02       		.uleb128 0x2
 370 0089 01       		.byte	0x1
 371 008a 08       		.byte	0x8
 372 008b 93010000 		.4byte	.LASF11
 373 008f 04       		.uleb128 0x4
 374 0090 00000000 		.4byte	.LASF13
 375 0094 02       		.byte	0x2
 376 0095 F2       		.byte	0xf2
ARM GAS  C:\Users\PETERG~1\AppData\Local\Temp\ccBs4PKH.s 			page 16


 377 0096 9A000000 		.4byte	0x9a
 378 009a 05       		.uleb128 0x5
 379 009b 6F000000 		.4byte	0x6f
 380 009f 06       		.uleb128 0x6
 381 00a0 54010000 		.4byte	.LASF14
 382 00a4 02       		.byte	0x2
 383 00a5 0201     		.2byte	0x102
 384 00a7 AB000000 		.4byte	0xab
 385 00ab 07       		.uleb128 0x7
 386 00ac 04       		.byte	0x4
 387 00ad B1000000 		.4byte	0xb1
 388 00b1 08       		.uleb128 0x8
 389 00b2 01       		.byte	0x1
 390 00b3 02       		.uleb128 0x2
 391 00b4 04       		.byte	0x4
 392 00b5 07       		.byte	0x7
 393 00b6 7C010000 		.4byte	.LASF15
 394 00ba 09       		.uleb128 0x9
 395 00bb 88000000 		.4byte	0x88
 396 00bf 04       		.uleb128 0x4
 397 00c0 06000000 		.4byte	.LASF16
 398 00c4 03       		.byte	0x3
 399 00c5 D5       		.byte	0xd5
 400 00c6 68000000 		.4byte	0x68
 401 00ca 04       		.uleb128 0x4
 402 00cb 6B010000 		.4byte	.LASF17
 403 00cf 01       		.byte	0x1
 404 00d0 CA       		.byte	0xca
 405 00d1 30000000 		.4byte	0x30
 406 00d5 0A       		.uleb128 0xa
 407 00d6 4D020000 		.4byte	.LASF43
 408 00da 10       		.byte	0x10
 409 00db 01       		.byte	0x1
 410 00dc CC       		.byte	0xcc
 411 00dd 1A010000 		.4byte	0x11a
 412 00e1 0B       		.uleb128 0xb
 413 00e2 4A000000 		.4byte	.LASF18
 414 00e6 01       		.byte	0x1
 415 00e7 CE       		.byte	0xce
 416 00e8 1A010000 		.4byte	0x11a
 417 00ec 02       		.byte	0x2
 418 00ed 23       		.byte	0x23
 419 00ee 00       		.uleb128 0
 420 00ef 0B       		.uleb128 0xb
 421 00f0 6B000000 		.4byte	.LASF19
 422 00f4 01       		.byte	0x1
 423 00f5 CF       		.byte	0xcf
 424 00f6 1A010000 		.4byte	0x11a
 425 00fa 02       		.byte	0x2
 426 00fb 23       		.byte	0x23
 427 00fc 04       		.uleb128 0x4
 428 00fd 0B       		.uleb128 0xb
 429 00fe 61010000 		.4byte	.LASF20
 430 0102 01       		.byte	0x1
 431 0103 D0       		.byte	0xd0
 432 0104 BF000000 		.4byte	0xbf
 433 0108 02       		.byte	0x2
ARM GAS  C:\Users\PETERG~1\AppData\Local\Temp\ccBs4PKH.s 			page 17


 434 0109 23       		.byte	0x23
 435 010a 08       		.uleb128 0x8
 436 010b 0B       		.uleb128 0xb
 437 010c 56000000 		.4byte	.LASF21
 438 0110 01       		.byte	0x1
 439 0111 D1       		.byte	0xd1
 440 0112 BF000000 		.4byte	0xbf
 441 0116 02       		.byte	0x2
 442 0117 23       		.byte	0x23
 443 0118 0C       		.uleb128 0xc
 444 0119 00       		.byte	0
 445 011a 07       		.uleb128 0x7
 446 011b 04       		.byte	0x4
 447 011c CA000000 		.4byte	0xca
 448 0120 0C       		.uleb128 0xc
 449 0121 01       		.byte	0x1
 450 0122 CF000000 		.4byte	.LASF44
 451 0126 01       		.byte	0x1
 452 0127 62       		.byte	0x62
 453 0128 01       		.byte	0x1
 454 0129 00000000 		.4byte	.LFB0
 455 012d 04000000 		.4byte	.LFE0
 456 0131 00000000 		.4byte	.LLST0
 457 0135 01       		.byte	0x1
 458 0136 0D       		.uleb128 0xd
 459 0137 01       		.byte	0x1
 460 0138 C9000000 		.4byte	.LASF22
 461 013c 01       		.byte	0x1
 462 013d D9       		.byte	0xd9
 463 013e 01       		.byte	0x1
 464 013f 00000000 		.4byte	.LFB1
 465 0143 04000000 		.4byte	.LFE1
 466 0147 20000000 		.4byte	.LLST1
 467 014b 01       		.byte	0x1
 468 014c 67010000 		.4byte	0x167
 469 0150 0E       		.uleb128 0xe
 470 0151 4F000000 		.4byte	.LASF45
 471 0155 01       		.byte	0x1
 472 0156 D9       		.byte	0xd9
 473 0157 61000000 		.4byte	0x61
 474 015b 01       		.byte	0x1
 475 015c 50       		.byte	0x50
 476 015d 0F       		.uleb128 0xf
 477 015e 7800     		.ascii	"x\000"
 478 0160 01       		.byte	0x1
 479 0161 DC       		.byte	0xdc
 480 0162 61000000 		.4byte	0x61
 481 0166 00       		.byte	0
 482 0167 0D       		.uleb128 0xd
 483 0168 01       		.byte	0x1
 484 0169 2C000000 		.4byte	.LASF23
 485 016d 01       		.byte	0x1
 486 016e F6       		.byte	0xf6
 487 016f 01       		.byte	0x1
 488 0170 00000000 		.4byte	.LFB2
 489 0174 48000000 		.4byte	.LFE2
 490 0178 40000000 		.4byte	.LLST2
ARM GAS  C:\Users\PETERG~1\AppData\Local\Temp\ccBs4PKH.s 			page 18


 491 017c 01       		.byte	0x1
 492 017d FA010000 		.4byte	0x1fa
 493 0181 10       		.uleb128 0x10
 494 0182 45020000 		.4byte	.LASF24
 495 0186 01       		.byte	0x1
 496 0187 F8       		.byte	0xf8
 497 0188 68000000 		.4byte	0x68
 498 018c 11       		.uleb128 0x11
 499 018d 60000000 		.4byte	.LASF25
 500 0191 01       		.byte	0x1
 501 0192 F9       		.byte	0xf9
 502 0193 FA010000 		.4byte	0x1fa
 503 0197 60000000 		.4byte	.LLST3
 504 019b 12       		.uleb128 0x12
 505 019c 0C000000 		.4byte	.LBB2
 506 01a0 30000000 		.4byte	.LBE2
 507 01a4 E7010000 		.4byte	0x1e7
 508 01a8 13       		.uleb128 0x13
 509 01a9 73726300 		.ascii	"src\000"
 510 01ad 01       		.byte	0x1
 511 01ae FE       		.byte	0xfe
 512 01af 05020000 		.4byte	0x205
 513 01b3 73000000 		.4byte	.LLST4
 514 01b7 13       		.uleb128 0x13
 515 01b8 64737400 		.ascii	"dst\000"
 516 01bc 01       		.byte	0x1
 517 01bd FF       		.byte	0xff
 518 01be 05020000 		.4byte	0x205
 519 01c2 87000000 		.4byte	.LLST5
 520 01c6 14       		.uleb128 0x14
 521 01c7 4E010000 		.4byte	.LASF26
 522 01cb 01       		.byte	0x1
 523 01cc 0001     		.2byte	0x100
 524 01ce 68000000 		.4byte	0x68
 525 01d2 A5000000 		.4byte	.LLST6
 526 01d6 14       		.uleb128 0x14
 527 01d7 34000000 		.4byte	.LASF27
 528 01db 01       		.byte	0x1
 529 01dc 0101     		.2byte	0x101
 530 01de 68000000 		.4byte	0x68
 531 01e2 C3000000 		.4byte	.LLST7
 532 01e6 00       		.byte	0
 533 01e7 15       		.uleb128 0x15
 534 01e8 3A000000 		.4byte	.LVL13
 535 01ec 06030000 		.4byte	0x306
 536 01f0 15       		.uleb128 0x15
 537 01f1 3E000000 		.4byte	.LVL14
 538 01f5 10030000 		.4byte	0x310
 539 01f9 00       		.byte	0
 540 01fa 07       		.uleb128 0x7
 541 01fb 04       		.byte	0x4
 542 01fc 00020000 		.4byte	0x200
 543 0200 09       		.uleb128 0x9
 544 0201 D5000000 		.4byte	0xd5
 545 0205 07       		.uleb128 0x7
 546 0206 04       		.byte	0x4
 547 0207 6F000000 		.4byte	0x6f
ARM GAS  C:\Users\PETERG~1\AppData\Local\Temp\ccBs4PKH.s 			page 19


 548 020b 16       		.uleb128 0x16
 549 020c 01       		.byte	0x1
 550 020d C3000000 		.4byte	.LASF28
 551 0211 01       		.byte	0x1
 552 0212 2801     		.2byte	0x128
 553 0214 01       		.byte	0x1
 554 0215 00000000 		.4byte	.LFB3
 555 0219 0A000000 		.4byte	.LFE3
 556 021d E3000000 		.4byte	.LLST8
 557 0221 01       		.byte	0x1
 558 0222 39020000 		.4byte	0x239
 559 0226 15       		.uleb128 0x15
 560 0227 06000000 		.4byte	.LVL15
 561 022b 1E030000 		.4byte	0x31e
 562 022f 15       		.uleb128 0x15
 563 0230 0A000000 		.4byte	.LVL16
 564 0234 67010000 		.4byte	0x167
 565 0238 00       		.byte	0
 566 0239 16       		.uleb128 0x16
 567 023a 01       		.byte	0x1
 568 023b FC000000 		.4byte	.LASF29
 569 023f 01       		.byte	0x1
 570 0240 A501     		.2byte	0x1a5
 571 0242 01       		.byte	0x1
 572 0243 00000000 		.4byte	.LFB4
 573 0247 54000000 		.4byte	.LFE4
 574 024b 03010000 		.4byte	.LLST9
 575 024f 01       		.byte	0x1
 576 0250 6E020000 		.4byte	0x26e
 577 0254 14       		.uleb128 0x14
 578 0255 13010000 		.4byte	.LASF30
 579 0259 01       		.byte	0x1
 580 025a A701     		.2byte	0x1a7
 581 025c 6F000000 		.4byte	0x6f
 582 0260 23010000 		.4byte	.LLST10
 583 0264 15       		.uleb128 0x15
 584 0265 20000000 		.4byte	.LVL20
 585 0269 28030000 		.4byte	0x328
 586 026d 00       		.byte	0
 587 026e 17       		.uleb128 0x17
 588 026f 9B000000 		.4byte	.LASF31
 589 0273 01       		.byte	0x1
 590 0274 39       		.byte	0x39
 591 0275 6F000000 		.4byte	0x6f
 592 0279 05       		.byte	0x5
 593 027a 03       		.byte	0x3
 594 027b 00000000 		.4byte	cySysNoInitDataValid
 595 027f 18       		.uleb128 0x18
 596 0280 ED000000 		.4byte	.LASF32
 597 0284 01       		.byte	0x1
 598 0285 4A       		.byte	0x4a
 599 0286 9A000000 		.4byte	0x9a
 600 028a 01       		.byte	0x1
 601 028b 05       		.byte	0x5
 602 028c 03       		.byte	0x3
 603 028d 00000000 		.4byte	cyBtldrRunType
 604 0291 19       		.uleb128 0x19
ARM GAS  C:\Users\PETERG~1\AppData\Local\Temp\ccBs4PKH.s 			page 20


 605 0292 D5000000 		.4byte	0xd5
 606 0296 9C020000 		.4byte	0x29c
 607 029a 1A       		.uleb128 0x1a
 608 029b 00       		.byte	0
 609 029c 1B       		.uleb128 0x1b
 610 029d 38020000 		.4byte	.LASF33
 611 02a1 01       		.byte	0x1
 612 02a2 D4       		.byte	0xd4
 613 02a3 A9020000 		.4byte	0x2a9
 614 02a7 01       		.byte	0x1
 615 02a8 01       		.byte	0x1
 616 02a9 09       		.uleb128 0x9
 617 02aa 91020000 		.4byte	0x291
 618 02ae 1B       		.uleb128 0x1b
 619 02af 3A000000 		.4byte	.LASF34
 620 02b3 01       		.byte	0x1
 621 02b4 D5       		.byte	0xd5
 622 02b5 BA000000 		.4byte	0xba
 623 02b9 01       		.byte	0x1
 624 02ba 01       		.byte	0x1
 625 02bb 19       		.uleb128 0x19
 626 02bc 9F000000 		.4byte	0x9f
 627 02c0 CB020000 		.4byte	0x2cb
 628 02c4 1C       		.uleb128 0x1c
 629 02c5 B3000000 		.4byte	0xb3
 630 02c9 2F       		.byte	0x2f
 631 02ca 00       		.byte	0
 632 02cb 1D       		.uleb128 0x1d
 633 02cc 1F000000 		.4byte	.LASF35
 634 02d0 01       		.byte	0x1
 635 02d1 7101     		.2byte	0x171
 636 02d3 BB020000 		.4byte	0x2bb
 637 02d7 01       		.byte	0x1
 638 02d8 05       		.byte	0x5
 639 02d9 03       		.byte	0x3
 640 02da 00000000 		.4byte	CyRamVectors
 641 02de 19       		.uleb128 0x19
 642 02df 9F000000 		.4byte	0x9f
 643 02e3 EE020000 		.4byte	0x2ee
 644 02e7 1C       		.uleb128 0x1c
 645 02e8 B3000000 		.4byte	0xb3
 646 02ec 03       		.byte	0x3
 647 02ed 00       		.byte	0
 648 02ee 1D       		.uleb128 0x1d
 649 02ef 7E000000 		.4byte	.LASF36
 650 02f3 01       		.byte	0x1
 651 02f4 8201     		.2byte	0x182
 652 02f6 01030000 		.4byte	0x301
 653 02fa 01       		.byte	0x1
 654 02fb 05       		.byte	0x5
 655 02fc 03       		.byte	0x3
 656 02fd 00000000 		.4byte	RomVectors
 657 0301 09       		.uleb128 0x9
 658 0302 DE020000 		.4byte	0x2de
 659 0306 1E       		.uleb128 0x1e
 660 0307 01       		.byte	0x1
 661 0308 0D000000 		.4byte	.LASF37
ARM GAS  C:\Users\PETERG~1\AppData\Local\Temp\ccBs4PKH.s 			page 21


 662 030c 01       		.byte	0x1
 663 030d C8       		.byte	0xc8
 664 030e 01       		.byte	0x1
 665 030f 01       		.byte	0x1
 666 0310 1F       		.uleb128 0x1f
 667 0311 01       		.byte	0x1
 668 0312 E8000000 		.4byte	.LASF46
 669 0316 01       		.byte	0x1
 670 0317 C5       		.byte	0xc5
 671 0318 01       		.byte	0x1
 672 0319 61000000 		.4byte	0x61
 673 031d 01       		.byte	0x1
 674 031e 1E       		.uleb128 0x1e
 675 031f 01       		.byte	0x1
 676 0320 BC010000 		.4byte	.LASF38
 677 0324 01       		.byte	0x1
 678 0325 32       		.byte	0x32
 679 0326 01       		.byte	0x1
 680 0327 01       		.byte	0x1
 681 0328 1E       		.uleb128 0x1e
 682 0329 01       		.byte	0x1
 683 032a 2A010000 		.4byte	.LASF39
 684 032e 04       		.byte	0x4
 685 032f 14       		.byte	0x14
 686 0330 01       		.byte	0x1
 687 0331 01       		.byte	0x1
 688 0332 00       		.byte	0
 689              		.section	.debug_abbrev,"",%progbits
 690              	.Ldebug_abbrev0:
 691 0000 01       		.uleb128 0x1
 692 0001 11       		.uleb128 0x11
 693 0002 01       		.byte	0x1
 694 0003 25       		.uleb128 0x25
 695 0004 0E       		.uleb128 0xe
 696 0005 13       		.uleb128 0x13
 697 0006 0B       		.uleb128 0xb
 698 0007 03       		.uleb128 0x3
 699 0008 0E       		.uleb128 0xe
 700 0009 1B       		.uleb128 0x1b
 701 000a 0E       		.uleb128 0xe
 702 000b 55       		.uleb128 0x55
 703 000c 06       		.uleb128 0x6
 704 000d 11       		.uleb128 0x11
 705 000e 01       		.uleb128 0x1
 706 000f 52       		.uleb128 0x52
 707 0010 01       		.uleb128 0x1
 708 0011 10       		.uleb128 0x10
 709 0012 06       		.uleb128 0x6
 710 0013 00       		.byte	0
 711 0014 00       		.byte	0
 712 0015 02       		.uleb128 0x2
 713 0016 24       		.uleb128 0x24
 714 0017 00       		.byte	0
 715 0018 0B       		.uleb128 0xb
 716 0019 0B       		.uleb128 0xb
 717 001a 3E       		.uleb128 0x3e
 718 001b 0B       		.uleb128 0xb
ARM GAS  C:\Users\PETERG~1\AppData\Local\Temp\ccBs4PKH.s 			page 22


 719 001c 03       		.uleb128 0x3
 720 001d 0E       		.uleb128 0xe
 721 001e 00       		.byte	0
 722 001f 00       		.byte	0
 723 0020 03       		.uleb128 0x3
 724 0021 24       		.uleb128 0x24
 725 0022 00       		.byte	0
 726 0023 0B       		.uleb128 0xb
 727 0024 0B       		.uleb128 0xb
 728 0025 3E       		.uleb128 0x3e
 729 0026 0B       		.uleb128 0xb
 730 0027 03       		.uleb128 0x3
 731 0028 08       		.uleb128 0x8
 732 0029 00       		.byte	0
 733 002a 00       		.byte	0
 734 002b 04       		.uleb128 0x4
 735 002c 16       		.uleb128 0x16
 736 002d 00       		.byte	0
 737 002e 03       		.uleb128 0x3
 738 002f 0E       		.uleb128 0xe
 739 0030 3A       		.uleb128 0x3a
 740 0031 0B       		.uleb128 0xb
 741 0032 3B       		.uleb128 0x3b
 742 0033 0B       		.uleb128 0xb
 743 0034 49       		.uleb128 0x49
 744 0035 13       		.uleb128 0x13
 745 0036 00       		.byte	0
 746 0037 00       		.byte	0
 747 0038 05       		.uleb128 0x5
 748 0039 35       		.uleb128 0x35
 749 003a 00       		.byte	0
 750 003b 49       		.uleb128 0x49
 751 003c 13       		.uleb128 0x13
 752 003d 00       		.byte	0
 753 003e 00       		.byte	0
 754 003f 06       		.uleb128 0x6
 755 0040 16       		.uleb128 0x16
 756 0041 00       		.byte	0
 757 0042 03       		.uleb128 0x3
 758 0043 0E       		.uleb128 0xe
 759 0044 3A       		.uleb128 0x3a
 760 0045 0B       		.uleb128 0xb
 761 0046 3B       		.uleb128 0x3b
 762 0047 05       		.uleb128 0x5
 763 0048 49       		.uleb128 0x49
 764 0049 13       		.uleb128 0x13
 765 004a 00       		.byte	0
 766 004b 00       		.byte	0
 767 004c 07       		.uleb128 0x7
 768 004d 0F       		.uleb128 0xf
 769 004e 00       		.byte	0
 770 004f 0B       		.uleb128 0xb
 771 0050 0B       		.uleb128 0xb
 772 0051 49       		.uleb128 0x49
 773 0052 13       		.uleb128 0x13
 774 0053 00       		.byte	0
 775 0054 00       		.byte	0
ARM GAS  C:\Users\PETERG~1\AppData\Local\Temp\ccBs4PKH.s 			page 23


 776 0055 08       		.uleb128 0x8
 777 0056 15       		.uleb128 0x15
 778 0057 00       		.byte	0
 779 0058 27       		.uleb128 0x27
 780 0059 0C       		.uleb128 0xc
 781 005a 00       		.byte	0
 782 005b 00       		.byte	0
 783 005c 09       		.uleb128 0x9
 784 005d 26       		.uleb128 0x26
 785 005e 00       		.byte	0
 786 005f 49       		.uleb128 0x49
 787 0060 13       		.uleb128 0x13
 788 0061 00       		.byte	0
 789 0062 00       		.byte	0
 790 0063 0A       		.uleb128 0xa
 791 0064 13       		.uleb128 0x13
 792 0065 01       		.byte	0x1
 793 0066 03       		.uleb128 0x3
 794 0067 0E       		.uleb128 0xe
 795 0068 0B       		.uleb128 0xb
 796 0069 0B       		.uleb128 0xb
 797 006a 3A       		.uleb128 0x3a
 798 006b 0B       		.uleb128 0xb
 799 006c 3B       		.uleb128 0x3b
 800 006d 0B       		.uleb128 0xb
 801 006e 01       		.uleb128 0x1
 802 006f 13       		.uleb128 0x13
 803 0070 00       		.byte	0
 804 0071 00       		.byte	0
 805 0072 0B       		.uleb128 0xb
 806 0073 0D       		.uleb128 0xd
 807 0074 00       		.byte	0
 808 0075 03       		.uleb128 0x3
 809 0076 0E       		.uleb128 0xe
 810 0077 3A       		.uleb128 0x3a
 811 0078 0B       		.uleb128 0xb
 812 0079 3B       		.uleb128 0x3b
 813 007a 0B       		.uleb128 0xb
 814 007b 49       		.uleb128 0x49
 815 007c 13       		.uleb128 0x13
 816 007d 38       		.uleb128 0x38
 817 007e 0A       		.uleb128 0xa
 818 007f 00       		.byte	0
 819 0080 00       		.byte	0
 820 0081 0C       		.uleb128 0xc
 821 0082 2E       		.uleb128 0x2e
 822 0083 00       		.byte	0
 823 0084 3F       		.uleb128 0x3f
 824 0085 0C       		.uleb128 0xc
 825 0086 03       		.uleb128 0x3
 826 0087 0E       		.uleb128 0xe
 827 0088 3A       		.uleb128 0x3a
 828 0089 0B       		.uleb128 0xb
 829 008a 3B       		.uleb128 0x3b
 830 008b 0B       		.uleb128 0xb
 831 008c 27       		.uleb128 0x27
 832 008d 0C       		.uleb128 0xc
ARM GAS  C:\Users\PETERG~1\AppData\Local\Temp\ccBs4PKH.s 			page 24


 833 008e 11       		.uleb128 0x11
 834 008f 01       		.uleb128 0x1
 835 0090 12       		.uleb128 0x12
 836 0091 01       		.uleb128 0x1
 837 0092 40       		.uleb128 0x40
 838 0093 06       		.uleb128 0x6
 839 0094 9742     		.uleb128 0x2117
 840 0096 0C       		.uleb128 0xc
 841 0097 00       		.byte	0
 842 0098 00       		.byte	0
 843 0099 0D       		.uleb128 0xd
 844 009a 2E       		.uleb128 0x2e
 845 009b 01       		.byte	0x1
 846 009c 3F       		.uleb128 0x3f
 847 009d 0C       		.uleb128 0xc
 848 009e 03       		.uleb128 0x3
 849 009f 0E       		.uleb128 0xe
 850 00a0 3A       		.uleb128 0x3a
 851 00a1 0B       		.uleb128 0xb
 852 00a2 3B       		.uleb128 0x3b
 853 00a3 0B       		.uleb128 0xb
 854 00a4 27       		.uleb128 0x27
 855 00a5 0C       		.uleb128 0xc
 856 00a6 11       		.uleb128 0x11
 857 00a7 01       		.uleb128 0x1
 858 00a8 12       		.uleb128 0x12
 859 00a9 01       		.uleb128 0x1
 860 00aa 40       		.uleb128 0x40
 861 00ab 06       		.uleb128 0x6
 862 00ac 9742     		.uleb128 0x2117
 863 00ae 0C       		.uleb128 0xc
 864 00af 01       		.uleb128 0x1
 865 00b0 13       		.uleb128 0x13
 866 00b1 00       		.byte	0
 867 00b2 00       		.byte	0
 868 00b3 0E       		.uleb128 0xe
 869 00b4 05       		.uleb128 0x5
 870 00b5 00       		.byte	0
 871 00b6 03       		.uleb128 0x3
 872 00b7 0E       		.uleb128 0xe
 873 00b8 3A       		.uleb128 0x3a
 874 00b9 0B       		.uleb128 0xb
 875 00ba 3B       		.uleb128 0x3b
 876 00bb 0B       		.uleb128 0xb
 877 00bc 49       		.uleb128 0x49
 878 00bd 13       		.uleb128 0x13
 879 00be 02       		.uleb128 0x2
 880 00bf 0A       		.uleb128 0xa
 881 00c0 00       		.byte	0
 882 00c1 00       		.byte	0
 883 00c2 0F       		.uleb128 0xf
 884 00c3 34       		.uleb128 0x34
 885 00c4 00       		.byte	0
 886 00c5 03       		.uleb128 0x3
 887 00c6 08       		.uleb128 0x8
 888 00c7 3A       		.uleb128 0x3a
 889 00c8 0B       		.uleb128 0xb
ARM GAS  C:\Users\PETERG~1\AppData\Local\Temp\ccBs4PKH.s 			page 25


 890 00c9 3B       		.uleb128 0x3b
 891 00ca 0B       		.uleb128 0xb
 892 00cb 49       		.uleb128 0x49
 893 00cc 13       		.uleb128 0x13
 894 00cd 00       		.byte	0
 895 00ce 00       		.byte	0
 896 00cf 10       		.uleb128 0x10
 897 00d0 34       		.uleb128 0x34
 898 00d1 00       		.byte	0
 899 00d2 03       		.uleb128 0x3
 900 00d3 0E       		.uleb128 0xe
 901 00d4 3A       		.uleb128 0x3a
 902 00d5 0B       		.uleb128 0xb
 903 00d6 3B       		.uleb128 0x3b
 904 00d7 0B       		.uleb128 0xb
 905 00d8 49       		.uleb128 0x49
 906 00d9 13       		.uleb128 0x13
 907 00da 00       		.byte	0
 908 00db 00       		.byte	0
 909 00dc 11       		.uleb128 0x11
 910 00dd 34       		.uleb128 0x34
 911 00de 00       		.byte	0
 912 00df 03       		.uleb128 0x3
 913 00e0 0E       		.uleb128 0xe
 914 00e1 3A       		.uleb128 0x3a
 915 00e2 0B       		.uleb128 0xb
 916 00e3 3B       		.uleb128 0x3b
 917 00e4 0B       		.uleb128 0xb
 918 00e5 49       		.uleb128 0x49
 919 00e6 13       		.uleb128 0x13
 920 00e7 02       		.uleb128 0x2
 921 00e8 06       		.uleb128 0x6
 922 00e9 00       		.byte	0
 923 00ea 00       		.byte	0
 924 00eb 12       		.uleb128 0x12
 925 00ec 0B       		.uleb128 0xb
 926 00ed 01       		.byte	0x1
 927 00ee 11       		.uleb128 0x11
 928 00ef 01       		.uleb128 0x1
 929 00f0 12       		.uleb128 0x12
 930 00f1 01       		.uleb128 0x1
 931 00f2 01       		.uleb128 0x1
 932 00f3 13       		.uleb128 0x13
 933 00f4 00       		.byte	0
 934 00f5 00       		.byte	0
 935 00f6 13       		.uleb128 0x13
 936 00f7 34       		.uleb128 0x34
 937 00f8 00       		.byte	0
 938 00f9 03       		.uleb128 0x3
 939 00fa 08       		.uleb128 0x8
 940 00fb 3A       		.uleb128 0x3a
 941 00fc 0B       		.uleb128 0xb
 942 00fd 3B       		.uleb128 0x3b
 943 00fe 0B       		.uleb128 0xb
 944 00ff 49       		.uleb128 0x49
 945 0100 13       		.uleb128 0x13
 946 0101 02       		.uleb128 0x2
ARM GAS  C:\Users\PETERG~1\AppData\Local\Temp\ccBs4PKH.s 			page 26


 947 0102 06       		.uleb128 0x6
 948 0103 00       		.byte	0
 949 0104 00       		.byte	0
 950 0105 14       		.uleb128 0x14
 951 0106 34       		.uleb128 0x34
 952 0107 00       		.byte	0
 953 0108 03       		.uleb128 0x3
 954 0109 0E       		.uleb128 0xe
 955 010a 3A       		.uleb128 0x3a
 956 010b 0B       		.uleb128 0xb
 957 010c 3B       		.uleb128 0x3b
 958 010d 05       		.uleb128 0x5
 959 010e 49       		.uleb128 0x49
 960 010f 13       		.uleb128 0x13
 961 0110 02       		.uleb128 0x2
 962 0111 06       		.uleb128 0x6
 963 0112 00       		.byte	0
 964 0113 00       		.byte	0
 965 0114 15       		.uleb128 0x15
 966 0115 898201   		.uleb128 0x4109
 967 0118 00       		.byte	0
 968 0119 11       		.uleb128 0x11
 969 011a 01       		.uleb128 0x1
 970 011b 31       		.uleb128 0x31
 971 011c 13       		.uleb128 0x13
 972 011d 00       		.byte	0
 973 011e 00       		.byte	0
 974 011f 16       		.uleb128 0x16
 975 0120 2E       		.uleb128 0x2e
 976 0121 01       		.byte	0x1
 977 0122 3F       		.uleb128 0x3f
 978 0123 0C       		.uleb128 0xc
 979 0124 03       		.uleb128 0x3
 980 0125 0E       		.uleb128 0xe
 981 0126 3A       		.uleb128 0x3a
 982 0127 0B       		.uleb128 0xb
 983 0128 3B       		.uleb128 0x3b
 984 0129 05       		.uleb128 0x5
 985 012a 27       		.uleb128 0x27
 986 012b 0C       		.uleb128 0xc
 987 012c 11       		.uleb128 0x11
 988 012d 01       		.uleb128 0x1
 989 012e 12       		.uleb128 0x12
 990 012f 01       		.uleb128 0x1
 991 0130 40       		.uleb128 0x40
 992 0131 06       		.uleb128 0x6
 993 0132 9742     		.uleb128 0x2117
 994 0134 0C       		.uleb128 0xc
 995 0135 01       		.uleb128 0x1
 996 0136 13       		.uleb128 0x13
 997 0137 00       		.byte	0
 998 0138 00       		.byte	0
 999 0139 17       		.uleb128 0x17
 1000 013a 34       		.uleb128 0x34
 1001 013b 00       		.byte	0
 1002 013c 03       		.uleb128 0x3
 1003 013d 0E       		.uleb128 0xe
ARM GAS  C:\Users\PETERG~1\AppData\Local\Temp\ccBs4PKH.s 			page 27


 1004 013e 3A       		.uleb128 0x3a
 1005 013f 0B       		.uleb128 0xb
 1006 0140 3B       		.uleb128 0x3b
 1007 0141 0B       		.uleb128 0xb
 1008 0142 49       		.uleb128 0x49
 1009 0143 13       		.uleb128 0x13
 1010 0144 02       		.uleb128 0x2
 1011 0145 0A       		.uleb128 0xa
 1012 0146 00       		.byte	0
 1013 0147 00       		.byte	0
 1014 0148 18       		.uleb128 0x18
 1015 0149 34       		.uleb128 0x34
 1016 014a 00       		.byte	0
 1017 014b 03       		.uleb128 0x3
 1018 014c 0E       		.uleb128 0xe
 1019 014d 3A       		.uleb128 0x3a
 1020 014e 0B       		.uleb128 0xb
 1021 014f 3B       		.uleb128 0x3b
 1022 0150 0B       		.uleb128 0xb
 1023 0151 49       		.uleb128 0x49
 1024 0152 13       		.uleb128 0x13
 1025 0153 3F       		.uleb128 0x3f
 1026 0154 0C       		.uleb128 0xc
 1027 0155 02       		.uleb128 0x2
 1028 0156 0A       		.uleb128 0xa
 1029 0157 00       		.byte	0
 1030 0158 00       		.byte	0
 1031 0159 19       		.uleb128 0x19
 1032 015a 01       		.uleb128 0x1
 1033 015b 01       		.byte	0x1
 1034 015c 49       		.uleb128 0x49
 1035 015d 13       		.uleb128 0x13
 1036 015e 01       		.uleb128 0x1
 1037 015f 13       		.uleb128 0x13
 1038 0160 00       		.byte	0
 1039 0161 00       		.byte	0
 1040 0162 1A       		.uleb128 0x1a
 1041 0163 21       		.uleb128 0x21
 1042 0164 00       		.byte	0
 1043 0165 00       		.byte	0
 1044 0166 00       		.byte	0
 1045 0167 1B       		.uleb128 0x1b
 1046 0168 34       		.uleb128 0x34
 1047 0169 00       		.byte	0
 1048 016a 03       		.uleb128 0x3
 1049 016b 0E       		.uleb128 0xe
 1050 016c 3A       		.uleb128 0x3a
 1051 016d 0B       		.uleb128 0xb
 1052 016e 3B       		.uleb128 0x3b
 1053 016f 0B       		.uleb128 0xb
 1054 0170 49       		.uleb128 0x49
 1055 0171 13       		.uleb128 0x13
 1056 0172 3F       		.uleb128 0x3f
 1057 0173 0C       		.uleb128 0xc
 1058 0174 3C       		.uleb128 0x3c
 1059 0175 0C       		.uleb128 0xc
 1060 0176 00       		.byte	0
ARM GAS  C:\Users\PETERG~1\AppData\Local\Temp\ccBs4PKH.s 			page 28


 1061 0177 00       		.byte	0
 1062 0178 1C       		.uleb128 0x1c
 1063 0179 21       		.uleb128 0x21
 1064 017a 00       		.byte	0
 1065 017b 49       		.uleb128 0x49
 1066 017c 13       		.uleb128 0x13
 1067 017d 2F       		.uleb128 0x2f
 1068 017e 0B       		.uleb128 0xb
 1069 017f 00       		.byte	0
 1070 0180 00       		.byte	0
 1071 0181 1D       		.uleb128 0x1d
 1072 0182 34       		.uleb128 0x34
 1073 0183 00       		.byte	0
 1074 0184 03       		.uleb128 0x3
 1075 0185 0E       		.uleb128 0xe
 1076 0186 3A       		.uleb128 0x3a
 1077 0187 0B       		.uleb128 0xb
 1078 0188 3B       		.uleb128 0x3b
 1079 0189 05       		.uleb128 0x5
 1080 018a 49       		.uleb128 0x49
 1081 018b 13       		.uleb128 0x13
 1082 018c 3F       		.uleb128 0x3f
 1083 018d 0C       		.uleb128 0xc
 1084 018e 02       		.uleb128 0x2
 1085 018f 0A       		.uleb128 0xa
 1086 0190 00       		.byte	0
 1087 0191 00       		.byte	0
 1088 0192 1E       		.uleb128 0x1e
 1089 0193 2E       		.uleb128 0x2e
 1090 0194 00       		.byte	0
 1091 0195 3F       		.uleb128 0x3f
 1092 0196 0C       		.uleb128 0xc
 1093 0197 03       		.uleb128 0x3
 1094 0198 0E       		.uleb128 0xe
 1095 0199 3A       		.uleb128 0x3a
 1096 019a 0B       		.uleb128 0xb
 1097 019b 3B       		.uleb128 0x3b
 1098 019c 0B       		.uleb128 0xb
 1099 019d 27       		.uleb128 0x27
 1100 019e 0C       		.uleb128 0xc
 1101 019f 3C       		.uleb128 0x3c
 1102 01a0 0C       		.uleb128 0xc
 1103 01a1 00       		.byte	0
 1104 01a2 00       		.byte	0
 1105 01a3 1F       		.uleb128 0x1f
 1106 01a4 2E       		.uleb128 0x2e
 1107 01a5 00       		.byte	0
 1108 01a6 3F       		.uleb128 0x3f
 1109 01a7 0C       		.uleb128 0xc
 1110 01a8 03       		.uleb128 0x3
 1111 01a9 0E       		.uleb128 0xe
 1112 01aa 3A       		.uleb128 0x3a
 1113 01ab 0B       		.uleb128 0xb
 1114 01ac 3B       		.uleb128 0x3b
 1115 01ad 0B       		.uleb128 0xb
 1116 01ae 27       		.uleb128 0x27
 1117 01af 0C       		.uleb128 0xc
ARM GAS  C:\Users\PETERG~1\AppData\Local\Temp\ccBs4PKH.s 			page 29


 1118 01b0 49       		.uleb128 0x49
 1119 01b1 13       		.uleb128 0x13
 1120 01b2 3C       		.uleb128 0x3c
 1121 01b3 0C       		.uleb128 0xc
 1122 01b4 00       		.byte	0
 1123 01b5 00       		.byte	0
 1124 01b6 00       		.byte	0
 1125              		.section	.debug_loc,"",%progbits
 1126              	.Ldebug_loc0:
 1127              	.LLST0:
 1128 0000 00000000 		.4byte	.LFB0
 1129 0004 02000000 		.4byte	.LCFI0
 1130 0008 0200     		.2byte	0x2
 1131 000a 7D       		.byte	0x7d
 1132 000b 00       		.sleb128 0
 1133 000c 02000000 		.4byte	.LCFI0
 1134 0010 04000000 		.4byte	.LFE0
 1135 0014 0200     		.2byte	0x2
 1136 0016 7D       		.byte	0x7d
 1137 0017 04       		.sleb128 4
 1138 0018 00000000 		.4byte	0
 1139 001c 00000000 		.4byte	0
 1140              	.LLST1:
 1141 0020 00000000 		.4byte	.LFB1
 1142 0024 02000000 		.4byte	.LCFI1
 1143 0028 0200     		.2byte	0x2
 1144 002a 7D       		.byte	0x7d
 1145 002b 00       		.sleb128 0
 1146 002c 02000000 		.4byte	.LCFI1
 1147 0030 04000000 		.4byte	.LFE1
 1148 0034 0200     		.2byte	0x2
 1149 0036 7D       		.byte	0x7d
 1150 0037 04       		.sleb128 4
 1151 0038 00000000 		.4byte	0
 1152 003c 00000000 		.4byte	0
 1153              	.LLST2:
 1154 0040 00000000 		.4byte	.LFB2
 1155 0044 02000000 		.4byte	.LCFI2
 1156 0048 0200     		.2byte	0x2
 1157 004a 7D       		.byte	0x7d
 1158 004b 00       		.sleb128 0
 1159 004c 02000000 		.4byte	.LCFI2
 1160 0050 48000000 		.4byte	.LFE2
 1161 0054 0200     		.2byte	0x2
 1162 0056 7D       		.byte	0x7d
 1163 0057 10       		.sleb128 16
 1164 0058 00000000 		.4byte	0
 1165 005c 00000000 		.4byte	0
 1166              	.LLST3:
 1167 0060 08000000 		.4byte	.LVL2
 1168 0064 39000000 		.4byte	.LVL13-1
 1169 0068 0100     		.2byte	0x1
 1170 006a 52       		.byte	0x52
 1171 006b 00000000 		.4byte	0
 1172 006f 00000000 		.4byte	0
 1173              	.LLST4:
 1174 0073 0C000000 		.4byte	.LVL3
ARM GAS  C:\Users\PETERG~1\AppData\Local\Temp\ccBs4PKH.s 			page 30


 1175 0077 14000000 		.4byte	.LVL6
 1176 007b 0200     		.2byte	0x2
 1177 007d 72       		.byte	0x72
 1178 007e 00       		.sleb128 0
 1179 007f 00000000 		.4byte	0
 1180 0083 00000000 		.4byte	0
 1181              	.LLST5:
 1182 0087 0E000000 		.4byte	.LVL4
 1183 008b 14000000 		.4byte	.LVL6
 1184 008f 0100     		.2byte	0x1
 1185 0091 50       		.byte	0x50
 1186 0092 14000000 		.4byte	.LVL6
 1187 0096 36000000 		.4byte	.LVL12
 1188 009a 0100     		.2byte	0x1
 1189 009c 53       		.byte	0x53
 1190 009d 00000000 		.4byte	0
 1191 00a1 00000000 		.4byte	0
 1192              	.LLST6:
 1193 00a5 10000000 		.4byte	.LVL5
 1194 00a9 22000000 		.4byte	.LVL8
 1195 00ad 0100     		.2byte	0x1
 1196 00af 55       		.byte	0x55
 1197 00b0 22000000 		.4byte	.LVL8
 1198 00b4 36000000 		.4byte	.LVL12
 1199 00b8 0100     		.2byte	0x1
 1200 00ba 50       		.byte	0x50
 1201 00bb 00000000 		.4byte	0
 1202 00bf 00000000 		.4byte	0
 1203              	.LLST7:
 1204 00c3 10000000 		.4byte	.LVL5
 1205 00c7 14000000 		.4byte	.LVL6
 1206 00cb 0200     		.2byte	0x2
 1207 00cd 30       		.byte	0x30
 1208 00ce 9F       		.byte	0x9f
 1209 00cf 22000000 		.4byte	.LVL8
 1210 00d3 24000000 		.4byte	.LVL9
 1211 00d7 0200     		.2byte	0x2
 1212 00d9 30       		.byte	0x30
 1213 00da 9F       		.byte	0x9f
 1214 00db 00000000 		.4byte	0
 1215 00df 00000000 		.4byte	0
 1216              	.LLST8:
 1217 00e3 00000000 		.4byte	.LFB3
 1218 00e7 02000000 		.4byte	.LCFI3
 1219 00eb 0200     		.2byte	0x2
 1220 00ed 7D       		.byte	0x7d
 1221 00ee 00       		.sleb128 0
 1222 00ef 02000000 		.4byte	.LCFI3
 1223 00f3 0A000000 		.4byte	.LFE3
 1224 00f7 0200     		.2byte	0x2
 1225 00f9 7D       		.byte	0x7d
 1226 00fa 08       		.sleb128 8
 1227 00fb 00000000 		.4byte	0
 1228 00ff 00000000 		.4byte	0
 1229              	.LLST9:
 1230 0103 00000000 		.4byte	.LFB4
 1231 0107 02000000 		.4byte	.LCFI4
ARM GAS  C:\Users\PETERG~1\AppData\Local\Temp\ccBs4PKH.s 			page 31


 1232 010b 0200     		.2byte	0x2
 1233 010d 7D       		.byte	0x7d
 1234 010e 00       		.sleb128 0
 1235 010f 02000000 		.4byte	.LCFI4
 1236 0113 54000000 		.4byte	.LFE4
 1237 0117 0200     		.2byte	0x2
 1238 0119 7D       		.byte	0x7d
 1239 011a 08       		.sleb128 8
 1240 011b 00000000 		.4byte	0
 1241 011f 00000000 		.4byte	0
 1242              	.LLST10:
 1243 0123 00000000 		.4byte	.LVL17
 1244 0127 04000000 		.4byte	.LVL18
 1245 012b 0200     		.2byte	0x2
 1246 012d 30       		.byte	0x30
 1247 012e 9F       		.byte	0x9f
 1248 012f 16000000 		.4byte	.LVL19
 1249 0133 1F000000 		.4byte	.LVL20-1
 1250 0137 0100     		.2byte	0x1
 1251 0139 53       		.byte	0x53
 1252 013a 00000000 		.4byte	0
 1253 013e 00000000 		.4byte	0
 1254              		.section	.debug_aranges,"",%progbits
 1255 0000 3C000000 		.4byte	0x3c
 1256 0004 0200     		.2byte	0x2
 1257 0006 00000000 		.4byte	.Ldebug_info0
 1258 000a 04       		.byte	0x4
 1259 000b 00       		.byte	0
 1260 000c 0000     		.2byte	0
 1261 000e 0000     		.2byte	0
 1262 0010 00000000 		.4byte	.LFB0
 1263 0014 04000000 		.4byte	.LFE0-.LFB0
 1264 0018 00000000 		.4byte	.LFB1
 1265 001c 04000000 		.4byte	.LFE1-.LFB1
 1266 0020 00000000 		.4byte	.LFB2
 1267 0024 48000000 		.4byte	.LFE2-.LFB2
 1268 0028 00000000 		.4byte	.LFB3
 1269 002c 0A000000 		.4byte	.LFE3-.LFB3
 1270 0030 00000000 		.4byte	.LFB4
 1271 0034 54000000 		.4byte	.LFE4-.LFB4
 1272 0038 00000000 		.4byte	0
 1273 003c 00000000 		.4byte	0
 1274              		.section	.debug_ranges,"",%progbits
 1275              	.Ldebug_ranges0:
 1276 0000 00000000 		.4byte	.LFB0
 1277 0004 04000000 		.4byte	.LFE0
 1278 0008 00000000 		.4byte	.LFB1
 1279 000c 04000000 		.4byte	.LFE1
 1280 0010 00000000 		.4byte	.LFB2
 1281 0014 48000000 		.4byte	.LFE2
 1282 0018 00000000 		.4byte	.LFB3
 1283 001c 0A000000 		.4byte	.LFE3
 1284 0020 00000000 		.4byte	.LFB4
 1285 0024 54000000 		.4byte	.LFE4
 1286 0028 00000000 		.4byte	0
 1287 002c 00000000 		.4byte	0
 1288              		.section	.debug_line,"",%progbits
ARM GAS  C:\Users\PETERG~1\AppData\Local\Temp\ccBs4PKH.s 			page 32


 1289              	.Ldebug_line0:
 1290 0000 8A010000 		.section	.debug_str,"MS",%progbits,1
 1290      0200E500 
 1290      00000201 
 1290      FB0E0D00 
 1290      01010101 
 1291              	.LASF13:
 1292 0000 72656733 		.ascii	"reg32\000"
 1292      3200
 1293              	.LASF16:
 1294 0006 73697A65 		.ascii	"size_t\000"
 1294      5F7400
 1295              	.LASF37:
 1296 000d 5F5F6C69 		.ascii	"__libc_init_array\000"
 1296      62635F69 
 1296      6E69745F 
 1296      61727261 
 1296      7900
 1297              	.LASF35:
 1298 001f 43795261 		.ascii	"CyRamVectors\000"
 1298      6D566563 
 1298      746F7273 
 1298      00
 1299              	.LASF23:
 1300 002c 53746172 		.ascii	"Start_c\000"
 1300      745F6300 
 1301              	.LASF27:
 1302 0034 636F756E 		.ascii	"count\000"
 1302      7400
 1303              	.LASF34:
 1304 003a 5F5F6379 		.ascii	"__cy_region_num\000"
 1304      5F726567 
 1304      696F6E5F 
 1304      6E756D00 
 1305              	.LASF18:
 1306 004a 696E6974 		.ascii	"init\000"
 1306      00
 1307              	.LASF45:
 1308 004f 73746174 		.ascii	"status\000"
 1308      757300
 1309              	.LASF21:
 1310 0056 7A65726F 		.ascii	"zero_size\000"
 1310      5F73697A 
 1310      6500
 1311              	.LASF25:
 1312 0060 72707472 		.ascii	"rptr\000"
 1312      00
 1313              	.LASF9:
 1314 0065 666C6F61 		.ascii	"float\000"
 1314      7400
 1315              	.LASF19:
 1316 006b 64617461 		.ascii	"data\000"
 1316      00
 1317              	.LASF1:
 1318 0070 756E7369 		.ascii	"unsigned char\000"
 1318      676E6564 
 1318      20636861 
ARM GAS  C:\Users\PETERG~1\AppData\Local\Temp\ccBs4PKH.s 			page 33


 1318      7200
 1319              	.LASF36:
 1320 007e 526F6D56 		.ascii	"RomVectors\000"
 1320      6563746F 
 1320      727300
 1321              	.LASF5:
 1322 0089 6C6F6E67 		.ascii	"long unsigned int\000"
 1322      20756E73 
 1322      69676E65 
 1322      6420696E 
 1322      7400
 1323              	.LASF31:
 1324 009b 63795379 		.ascii	"cySysNoInitDataValid\000"
 1324      734E6F49 
 1324      6E697444 
 1324      61746156 
 1324      616C6964 
 1325              	.LASF3:
 1326 00b0 73686F72 		.ascii	"short unsigned int\000"
 1326      7420756E 
 1326      7369676E 
 1326      65642069 
 1326      6E7400
 1327              	.LASF28:
 1328 00c3 52657365 		.ascii	"Reset\000"
 1328      7400
 1329              	.LASF22:
 1330 00c9 5F657869 		.ascii	"_exit\000"
 1330      7400
 1331              	.LASF44:
 1332 00cf 496E7444 		.ascii	"IntDefaultHandler\000"
 1332      65666175 
 1332      6C744861 
 1332      6E646C65 
 1332      7200
 1333              	.LASF10:
 1334 00e1 646F7562 		.ascii	"double\000"
 1334      6C6500
 1335              	.LASF46:
 1336 00e8 6D61696E 		.ascii	"main\000"
 1336      00
 1337              	.LASF32:
 1338 00ed 63794274 		.ascii	"cyBtldrRunType\000"
 1338      6C647252 
 1338      756E5479 
 1338      706500
 1339              	.LASF29:
 1340 00fc 696E6974 		.ascii	"initialize_psoc\000"
 1340      69616C69 
 1340      7A655F70 
 1340      736F6300 
 1341              	.LASF12:
 1342 010c 75696E74 		.ascii	"uint32\000"
 1342      333200
 1343              	.LASF30:
 1344 0113 696E6465 		.ascii	"indexInit\000"
 1344      78496E69 
ARM GAS  C:\Users\PETERG~1\AppData\Local\Temp\ccBs4PKH.s 			page 34


 1344      7400
 1345              	.LASF8:
 1346 011d 756E7369 		.ascii	"unsigned int\000"
 1346      676E6564 
 1346      20696E74 
 1346      00
 1347              	.LASF39:
 1348 012a 63796669 		.ascii	"cyfitter_cfg\000"
 1348      74746572 
 1348      5F636667 
 1348      00
 1349              	.LASF7:
 1350 0137 6C6F6E67 		.ascii	"long long unsigned int\000"
 1350      206C6F6E 
 1350      6720756E 
 1350      7369676E 
 1350      65642069 
 1351              	.LASF26:
 1352 014e 6C696D69 		.ascii	"limit\000"
 1352      7400
 1353              	.LASF14:
 1354 0154 63796973 		.ascii	"cyisraddress\000"
 1354      72616464 
 1354      72657373 
 1354      00
 1355              	.LASF20:
 1356 0161 696E6974 		.ascii	"init_size\000"
 1356      5F73697A 
 1356      6500
 1357              	.LASF17:
 1358 016b 5F5F6379 		.ascii	"__cy_byte_align8\000"
 1358      5F627974 
 1358      655F616C 
 1358      69676E38 
 1358      00
 1359              	.LASF15:
 1360 017c 73697A65 		.ascii	"sizetype\000"
 1360      74797065 
 1360      00
 1361              	.LASF6:
 1362 0185 6C6F6E67 		.ascii	"long long int\000"
 1362      206C6F6E 
 1362      6720696E 
 1362      7400
 1363              	.LASF11:
 1364 0193 63686172 		.ascii	"char\000"
 1364      00
 1365              	.LASF41:
 1366 0198 2E5C4765 		.ascii	".\\Generated_Source\\PSoC4\\Cm0Start.c\000"
 1366      6E657261 
 1366      7465645F 
 1366      536F7572 
 1366      63655C50 
 1367              	.LASF38:
 1368 01bc 43794274 		.ascii	"CyBtldr_CheckLaunch\000"
 1368      6C64725F 
 1368      43686563 
ARM GAS  C:\Users\PETERG~1\AppData\Local\Temp\ccBs4PKH.s 			page 35


 1368      6B4C6175 
 1368      6E636800 
 1369              	.LASF2:
 1370 01d0 73686F72 		.ascii	"short int\000"
 1370      7420696E 
 1370      7400
 1371              	.LASF40:
 1372 01da 474E5520 		.ascii	"GNU C 4.7.3 20130312 (release) [ARM/embedded-4_7-br"
 1372      4320342E 
 1372      372E3320 
 1372      32303133 
 1372      30333132 
 1373 020d 616E6368 		.ascii	"anch revision 196615]\000"
 1373      20726576 
 1373      6973696F 
 1373      6E203139 
 1373      36363135 
 1374              	.LASF4:
 1375 0223 6C6F6E67 		.ascii	"long int\000"
 1375      20696E74 
 1375      00
 1376              	.LASF0:
 1377 022c 7369676E 		.ascii	"signed char\000"
 1377      65642063 
 1377      68617200 
 1378              	.LASF33:
 1379 0238 5F5F6379 		.ascii	"__cy_regions\000"
 1379      5F726567 
 1379      696F6E73 
 1379      00
 1380              	.LASF24:
 1381 0245 72656769 		.ascii	"regions\000"
 1381      6F6E7300 
 1382              	.LASF43:
 1383 024d 5F5F6379 		.ascii	"__cy_region\000"
 1383      5F726567 
 1383      696F6E00 
 1384              	.LASF42:
 1385 0259 433A5C55 		.ascii	"C:\\Users\\Peter Gregory\\cypress\\WordClock\\UART_"
 1385      73657273 
 1385      5C506574 
 1385      65722047 
 1385      7265676F 
 1386 0287 426F6F74 		.ascii	"Bootloader.cydsn\000"
 1386      6C6F6164 
 1386      65722E63 
 1386      7964736E 
 1386      00
 1387              		.ident	"GCC: (GNU Tools for ARM Embedded Processors) 4.7.3 20130312 (release) [ARM/embedded-4_7-br
