--------------- Clean Started: 12/14/2014 12:39:40 Project: UART_Bootloader, Configuration: ARM GCC 4.7.3 Debug ---------------
Deleting file ".\CortexM0\ARM_GCC_473\Debug\main.o"
Deleting file ".\CortexM0\ARM_GCC_473\Debug\UART_Btldr.o"
Deleting file ".\CortexM0\ARM_GCC_473\Debug\cyfitter_cfg.o"
Deleting file ".\CortexM0\ARM_GCC_473\Debug\cymetadata.o"
Deleting file ".\CortexM0\ARM_GCC_473\Debug\Bootloader.o"
Deleting file ".\CortexM0\ARM_GCC_473\Debug\UART.o"
Deleting file ".\CortexM0\ARM_GCC_473\Debug\UART_SPI_UART.o"
Deleting file ".\CortexM0\ARM_GCC_473\Debug\UART_SPI_UART_INT.o"
Deleting file ".\CortexM0\ARM_GCC_473\Debug\UART_PM.o"
Deleting file ".\CortexM0\ARM_GCC_473\Debug\UART_UART.o"
Deleting file ".\CortexM0\ARM_GCC_473\Debug\UART_BOOT.o"
Deleting file ".\CortexM0\ARM_GCC_473\Debug\UART_UART_BOOT.o"
Deleting file ".\CortexM0\ARM_GCC_473\Debug\P1_6.o"
Deleting file ".\CortexM0\ARM_GCC_473\Debug\PWM.o"
Deleting file ".\CortexM0\ARM_GCC_473\Debug\PWM_PM.o"
Deleting file ".\CortexM0\ARM_GCC_473\Debug\Clock.o"
Deleting file ".\CortexM0\ARM_GCC_473\Debug\Boot_P0_7.o"
Deleting file ".\CortexM0\ARM_GCC_473\Debug\UART_tx.o"
Deleting file ".\CortexM0\ARM_GCC_473\Debug\UART_rx.o"
Deleting file ".\CortexM0\ARM_GCC_473\Debug\Cm0Start.o"
Deleting file ".\CortexM0\ARM_GCC_473\Debug\CyBootAsmGnu.o"
Deleting file ".\CortexM0\ARM_GCC_473\Debug\CyFlash.o"
Deleting file ".\CortexM0\ARM_GCC_473\Debug\CyLib.o"
Deleting file ".\CortexM0\ARM_GCC_473\Debug\cyPm.o"
Deleting file ".\CortexM0\ARM_GCC_473\Debug\cyutils.o"
Deleting file ".\CortexM0\ARM_GCC_473\Debug\UART_Bootloader.hex"
Deleting file ".\CortexM0\ARM_GCC_473\Debug\UART_Bootloader.elf"
Deleting file ".\CortexM0\ARM_GCC_473\Debug\UART_Bootloader.map"
Deleting file ".\UART_Bootloader.cycdx"
Deleting file ".\UART_Bootloader.svd"
Deleting file ".\UART_Bootloader.rpt"
Deleting file ".\UART_Bootloader_timing.html"
Deleting file ".\CortexM0\ARM_GCC_473\Debug\.deps\C_FILE.P"
Deleting file ".\CortexM0\ARM_GCC_473\Debug\.deps\ARM_C_FILE.P"
Deleting file ".\CortexM0\ARM_GCC_473\Debug\.deps\GNU_ARM_ASM_FILE.P"
--------------- Clean Succeeded: 12/14/2014 12:39:40 ---------------
